....[deckard] INFO: test message
.[deckard] INFO: DB path: /var/folders/53/1642qrvs7rdg6qlcn2v_50sh0000gn/T/tmprugxj_fe/ws6/.codex/tools/deckard/data/index.db
Executing <Task pending name='Task-1' coro=<IsolatedAsyncioTestCase._asyncioLoopRunner() running at /Library/Developer/CommandLineTools/Library/Frameworks/Python3.framework/Versions/3.9/lib/python3.9/unittest/async_case.py:96> wait_for=<Future pending cb=[<TaskWakeupMethWrapper object at 0x10a2ca8b0>()] created at /Library/Developer/CommandLineTools/Library/Frameworks/Python3.framework/Versions/3.9/lib/python3.9/asyncio/base_events.py:424> created at /Library/Developer/CommandLineTools/Library/Frameworks/Python3.framework/Versions/3.9/lib/python3.9/unittest/async_case.py:118> took 0.109 seconds
.[deckard] INFO: DB path: /var/folders/53/1642qrvs7rdg6qlcn2v_50sh0000gn/T/tmp07ki020f/ws3/.codex/tools/deckard/data/index.db
.[deckard] INFO: DB path: /private/var/folders/53/1642qrvs7rdg6qlcn2v_50sh0000gn/T/tmpu70esfdw/ws4/.codex/tools/deckard/data/index.db
[deckard] Started on port 47778 (requested: 47777)
[deckard] INFO: DB path: /private/var/folders/53/1642qrvs7rdg6qlcn2v_50sh0000gn/T/tmpu70esfdw/ws5/.codex/tools/deckard/data/index.db
[deckard] Started on port 47780 (requested: 47777)
[deckard] INFO: Shutting down server for workspace: /private/var/folders/53/1642qrvs7rdg6qlcn2v_50sh0000gn/T/tmpu70esfdw/ws4
[deckard] INFO: Shutting down server for workspace: /private/var/folders/53/1642qrvs7rdg6qlcn2v_50sh0000gn/T/tmpu70esfdw/ws5
.[deckard] INFO: DB path: /private/var/folders/53/1642qrvs7rdg6qlcn2v_50sh0000gn/T/tmpp139v5tc/ws1/.codex/tools/deckard/data/index.db
[deckard] Started on port 47778 (requested: 47777)
[deckard] INFO: Shutting down server for workspace: /private/var/folders/53/1642qrvs7rdg6qlcn2v_50sh0000gn/T/tmpp139v5tc/ws1
.[deckard] INFO: DB path: /var/folders/53/1642qrvs7rdg6qlcn2v_50sh0000gn/T/tmp4_qebmbu/ws2/.codex/tools/deckard/data/index.db
Executing <Task pending name='Task-9' coro=<IsolatedAsyncioTestCase._asyncioLoopRunner() running at /Library/Developer/CommandLineTools/Library/Frameworks/Python3.framework/Versions/3.9/lib/python3.9/unittest/async_case.py:96> wait_for=<Future pending cb=[<TaskWakeupMethWrapper object at 0x10a427820>()] created at /Library/Developer/CommandLineTools/Library/Frameworks/Python3.framework/Versions/3.9/lib/python3.9/asyncio/base_events.py:424> created at /Library/Developer/CommandLineTools/Library/Frameworks/Python3.framework/Versions/3.9/lib/python3.9/unittest/async_case.py:118> took 0.109 seconds
..............F.........[deckard] ERROR: Failed to log to file: [Errno 13] Permission denied: '/var/folders/53/1642qrvs7rdg6qlcn2v_50sh0000gn/T/tmp2h5vynml/readonly/deckard.log'
.....F...................EEFFEEFEE.EFFFE..F.F..F..F.........FE........FFFEEFEEE.....................E......EF....F[deckard] ERROR: Failed to log to file: 'str' object has no attribute 'mkdir'
E.......F...F...FEEEEFEEF....F.FF......F..................................
======================================================================
ERROR: test_1_10_parent_name (test_round1.TestRound1)
----------------------------------------------------------------------
Traceback (most recent call last):
  File "/Users/baecheolhan/Documents/repositories/horadric-deckard/tests/test_round1.py", line 66, in test_1_10_parent_name
    method = next(s for s in symbols if s[1] == "my_method")
  File "/Users/baecheolhan/Documents/repositories/horadric-deckard/tests/test_round1.py", line 66, in <genexpr>
    method = next(s for s in symbols if s[1] == "my_method")
IndexError: list index out of range

======================================================================
ERROR: test_1_1_python_decorators (test_round1.TestRound1)
----------------------------------------------------------------------
Traceback (most recent call last):
  File "/Users/baecheolhan/Documents/repositories/horadric-deckard/tests/test_round1.py", line 22, in test_1_1_python_decorators
    meta = json.loads(symbols[0][7])
  File "/Users/baecheolhan/Documents/repositories/horadric-deckard/app/indexer.py", line 364, in __getitem__
    return self.symbols[item]
IndexError: list index out of range

======================================================================
ERROR: test_1_4_python_async_doc (test_round1.TestRound1)
----------------------------------------------------------------------
Traceback (most recent call last):
  File "/Users/baecheolhan/Documents/repositories/horadric-deckard/tests/test_round1.py", line 56, in test_1_4_python_async_doc
    self.assertEqual(symbols[0][8].strip(), "Async Doc")
  File "/Users/baecheolhan/Documents/repositories/horadric-deckard/app/indexer.py", line 364, in __getitem__
    return self.symbols[item]
IndexError: list index out of range

======================================================================
ERROR: test_2_10_no_docstring (test_round2.TestRound2)
----------------------------------------------------------------------
Traceback (most recent call last):
  File "/Users/baecheolhan/Documents/repositories/horadric-deckard/tests/test_round2.py", line 43, in test_2_10_no_docstring
    self.assertEqual(symbols[0][8], "")
  File "/Users/baecheolhan/Documents/repositories/horadric-deckard/app/indexer.py", line 364, in __getitem__
    return self.symbols[item]
IndexError: list index out of range

======================================================================
ERROR: test_2_2_python_static_method (test_round2.TestRound2)
----------------------------------------------------------------------
Traceback (most recent call last):
  File "/Users/baecheolhan/Documents/repositories/horadric-deckard/tests/test_round2.py", line 23, in test_2_2_python_static_method
    meta = json.loads(symbols[1][7])
  File "/Users/baecheolhan/Documents/repositories/horadric-deckard/app/indexer.py", line 364, in __getitem__
    return self.symbols[item]
IndexError: list index out of range

======================================================================
ERROR: test_2_7_unicode_docstring (test_round2.TestRound2)
----------------------------------------------------------------------
Traceback (most recent call last):
  File "/Users/baecheolhan/Documents/repositories/horadric-deckard/tests/test_round2.py", line 29, in test_2_7_unicode_docstring
    self.assertEqual(symbols[0][8].strip(), "한글 문서화")
  File "/Users/baecheolhan/Documents/repositories/horadric-deckard/app/indexer.py", line 364, in __getitem__
    return self.symbols[item]
IndexError: list index out of range

======================================================================
ERROR: test_3_1_api_search_integration (test_round3.TestRound3)
----------------------------------------------------------------------
Traceback (most recent call last):
  File "/Users/baecheolhan/Documents/repositories/horadric-deckard/tests/test_round3.py", line 45, in test_3_1_api_search_integration
    self.db.upsert_symbols(symbols)
  File "/Users/baecheolhan/Documents/repositories/horadric-deckard/app/db.py", line 254, in upsert_symbols
    if not symbols_list:
sqlite3.IntegrityError: FOREIGN KEY constraint failed

======================================================================
ERROR: test_4_3_docstring_cleanup (test_round4.TestRound4)
----------------------------------------------------------------------
Traceback (most recent call last):
  File "/Users/baecheolhan/Documents/repositories/horadric-deckard/tests/test_round4.py", line 53, in test_4_3_docstring_cleanup
    self.assertEqual(symbols[0][8], "Hello\nWorld")
IndexError: list index out of range

======================================================================
ERROR: test_02_python_fastapi (test_round_12_refactored.TestRound12Refactored)
----------------------------------------------------------------------
Traceback (most recent call last):
  File "/Users/baecheolhan/Documents/repositories/horadric-deckard/tests/test_round_12_refactored.py", line 39, in test_02_python_fastapi
    target = next(s for s in symbols if s[1] == "read_item")
StopIteration

======================================================================
ERROR: test_04_path_with_variables (test_round_1_python_parsing.TestRound1PythonParsing)
----------------------------------------------------------------------
Traceback (most recent call last):
  File "/Users/baecheolhan/Documents/repositories/horadric-deckard/tests/test_round_1_python_parsing.py", line 68, in test_04_path_with_variables
    meta = json.loads(target[7])
TypeError: 'NoneType' object is not subscriptable

======================================================================
ERROR: test_05_nested_decorators (test_round_1_python_parsing.TestRound1PythonParsing)
----------------------------------------------------------------------
Traceback (most recent call last):
  File "/Users/baecheolhan/Documents/repositories/horadric-deckard/tests/test_round_1_python_parsing.py", line 82, in test_05_nested_decorators
    meta = json.loads(target[7])
TypeError: 'NoneType' object is not subscriptable

======================================================================
ERROR: test_07_decorator_without_args (test_round_1_python_parsing.TestRound1PythonParsing)
----------------------------------------------------------------------
Traceback (most recent call last):
  File "/Users/baecheolhan/Documents/repositories/horadric-deckard/tests/test_round_1_python_parsing.py", line 106, in test_07_decorator_without_args
    meta = json.loads(target[7])
TypeError: 'NoneType' object is not subscriptable

======================================================================
ERROR: test_08_irrelevant_decorators (test_round_1_python_parsing.TestRound1PythonParsing)
----------------------------------------------------------------------
Traceback (most recent call last):
  File "/Users/baecheolhan/Documents/repositories/horadric-deckard/tests/test_round_1_python_parsing.py", line 118, in test_08_irrelevant_decorators
    meta = json.loads(target[7])
TypeError: 'NoneType' object is not subscriptable

======================================================================
ERROR: test_09_class_method_route (test_round_1_python_parsing.TestRound1PythonParsing)
----------------------------------------------------------------------
Traceback (most recent call last):
  File "/Users/baecheolhan/Documents/repositories/horadric-deckard/tests/test_round_1_python_parsing.py", line 131, in test_09_class_method_route
    self.assertEqual(target[2], "method") # Kind should be method
TypeError: 'NoneType' object is not subscriptable

======================================================================
ERROR: test_01_python_module_docstring (test_round_4_docstring.TestRound4Docstring)
----------------------------------------------------------------------
Traceback (most recent call last):
  File "/Users/baecheolhan/Documents/repositories/horadric-deckard/tests/test_round_4_docstring.py", line 21, in test_01_python_module_docstring
    self.assertEqual(target[8].strip(), "This is a docstring.")
TypeError: 'NoneType' object is not subscriptable

======================================================================
ERROR: test_08_python_multiline_docstring (test_round_4_docstring.TestRound4Docstring)
----------------------------------------------------------------------
Traceback (most recent call last):
  File "/Users/baecheolhan/Documents/repositories/horadric-deckard/tests/test_round_4_docstring.py", line 112, in test_08_python_multiline_docstring
    self.assertIn("Line 1", target[8])
TypeError: 'NoneType' object is not subscriptable

======================================================================
ERROR: test_05_search_docstring_truncate (test_round_5_integration.TestRound5Integration)
----------------------------------------------------------------------
Traceback (most recent call last):
  File "/Users/baecheolhan/Documents/repositories/horadric-deckard/tests/test_round_5_integration.py", line 105, in test_05_search_docstring_truncate
    self.assertIn("Line 1", hit["docstring"])
KeyError: 'docstring'

======================================================================
ERROR: test_02_class_method_parent (test_round_7_advanced_python.TestRound7AdvancedPython)
----------------------------------------------------------------------
Traceback (most recent call last):
  File "/Users/baecheolhan/Documents/repositories/horadric-deckard/tests/test_round_7_advanced_python.py", line 30, in test_02_class_method_parent
    self.assertEqual(method[6], "MyController")
TypeError: 'NoneType' object is not subscriptable

======================================================================
ERROR: test_03_nested_function (test_round_7_advanced_python.TestRound7AdvancedPython)
----------------------------------------------------------------------
Traceback (most recent call last):
  File "/Users/baecheolhan/Documents/repositories/horadric-deckard/tests/test_round_7_advanced_python.py", line 41, in test_03_nested_function
    self.assertEqual(inner[6], "outer_func")
TypeError: 'NoneType' object is not subscriptable

======================================================================
ERROR: test_04_complex_decorator_args (test_round_7_advanced_python.TestRound7AdvancedPython)
----------------------------------------------------------------------
Traceback (most recent call last):
  File "/Users/baecheolhan/Documents/repositories/horadric-deckard/tests/test_round_7_advanced_python.py", line 51, in test_04_complex_decorator_args
    meta = json.loads(target[7])
TypeError: 'NoneType' object is not subscriptable

======================================================================
ERROR: test_05_decorator_chain_ordering (test_round_7_advanced_python.TestRound7AdvancedPython)
----------------------------------------------------------------------
Traceback (most recent call last):
  File "/Users/baecheolhan/Documents/repositories/horadric-deckard/tests/test_round_7_advanced_python.py", line 64, in test_05_decorator_chain_ordering
    meta = json.loads(target[7])
TypeError: 'NoneType' object is not subscriptable

======================================================================
ERROR: test_07_multiline_numpy_docstring (test_round_7_advanced_python.TestRound7AdvancedPython)
----------------------------------------------------------------------
Traceback (most recent call last):
  File "/Users/baecheolhan/Documents/repositories/horadric-deckard/tests/test_round_7_advanced_python.py", line 98, in test_07_multiline_numpy_docstring
    doc = target[8]
TypeError: 'NoneType' object is not subscriptable

======================================================================
ERROR: test_08_class_attribute_vs_method (test_round_7_advanced_python.TestRound7AdvancedPython)
----------------------------------------------------------------------
Traceback (most recent call last):
  File "/Users/baecheolhan/Documents/repositories/horadric-deckard/tests/test_round_7_advanced_python.py", line 114, in test_08_class_attribute_vs_method
    self.assertIsNotNone(next(s for s in symbols if s[1] == "reset"))
StopIteration

======================================================================
FAIL: test_search_ranking_priority (test_final_polish.TestFinalPolish)
Filename match should have higher score than content match.
----------------------------------------------------------------------
Traceback (most recent call last):
  File "/Users/baecheolhan/Documents/repositories/horadric-deckard/tests/test_final_polish.py", line 58, in test_search_ranking_priority
    self.assertIn("Filename match", hits[0].hit_reason)
AssertionError: 'Filename match' not found in 'Exact filename match'

======================================================================
FAIL: test_burst_events_and_deduplication (test_indexer_robustness.TestIndexerRobustness)
Case 1: Simulate 500 file changes in a burst.
----------------------------------------------------------------------
Traceback (most recent call last):
  File "/Users/baecheolhan/Documents/repositories/horadric-deckard/tests/test_indexer_robustness.py", line 72, in test_burst_events_and_deduplication
    self.assertTrue(len(hits) > 0, "Deduplication or burst handling failed: symbol not found")
AssertionError: False is not true : Deduplication or burst handling failed: symbol not found

======================================================================
FAIL: test_1_2_java_implements (test_round1.TestRound1)
----------------------------------------------------------------------
Traceback (most recent call last):
  File "/Users/baecheolhan/Documents/repositories/horadric-deckard/tests/test_round1.py", line 36, in test_1_2_java_implements
    self.assertIn("@Service", meta["annotations"])
AssertionError: '@Service' not found in []

======================================================================
FAIL: test_1_3_java_multi_mapping (test_round1.TestRound1)
----------------------------------------------------------------------
Traceback (most recent call last):
  File "/Users/baecheolhan/Documents/repositories/horadric-deckard/tests/test_round1.py", line 47, in test_1_3_java_multi_mapping
    self.assertTrue("http_path" in meta)
AssertionError: False is not true

======================================================================
FAIL: test_2_1_multi_path_annotation (test_round2.TestRound2)
----------------------------------------------------------------------
Traceback (most recent call last):
  File "/Users/baecheolhan/Documents/repositories/horadric-deckard/tests/test_round2.py", line 18, in test_2_1_multi_path_annotation
    self.assertIn("http_path", meta)
AssertionError: 'http_path' not found in {'annotations': ['@RequestMapping']}

======================================================================
FAIL: test_3_2_index_file_integration (test_round3.TestRound3)
----------------------------------------------------------------------
Traceback (most recent call last):
  File "/Users/baecheolhan/Documents/repositories/horadric-deckard/tests/test_round3.py", line 59, in test_3_2_index_file_integration
    self.assertTrue(res["success"])
AssertionError: False is not true

======================================================================
FAIL: test_4_1_python_call_extraction (test_round4.TestRound4)
----------------------------------------------------------------------
Traceback (most recent call last):
  File "/Users/baecheolhan/Documents/repositories/horadric-deckard/tests/test_round4.py", line 25, in test_4_1_python_call_extraction
    self.assertIn("func_a", targets)
AssertionError: 'func_a' not found in []

======================================================================
FAIL: test_4_2_java_call_extraction (test_round4.TestRound4)
----------------------------------------------------------------------
Traceback (most recent call last):
  File "/Users/baecheolhan/Documents/repositories/horadric-deckard/tests/test_round4.py", line 41, in test_4_2_java_call_extraction
    self.assertIn("validate", targets)
AssertionError: 'validate' not found in []

======================================================================
FAIL: test_03_comments_between_annotations (test_round_10_multiline_logic.TestRound10MultilineLogic)
----------------------------------------------------------------------
Traceback (most recent call last):
  File "/Users/baecheolhan/Documents/repositories/horadric-deckard/tests/test_round_10_multiline_logic.py", line 42, in test_03_comments_between_annotations
    self.assertIn("A", annos)
AssertionError: 'A' not found in ['@A', '@B']

======================================================================
FAIL: test_05_implements_with_newlines (test_round_10_multiline_logic.TestRound10MultilineLogic)
----------------------------------------------------------------------
Traceback (most recent call last):
  File "/Users/baecheolhan/Documents/repositories/horadric-deckard/tests/test_round_10_multiline_logic.py", line 63, in test_05_implements_with_newlines
    self.assertIn("Leader", targets)
AssertionError: 'Leader' not found in {'Manager'}

======================================================================
FAIL: test_08_kotlin_multiline_inheritance (test_round_10_multiline_logic.TestRound10MultilineLogic)
----------------------------------------------------------------------
Traceback (most recent call last):
  File "/Users/baecheolhan/Documents/repositories/horadric-deckard/tests/test_round_10_multiline_logic.py", line 98, in test_08_kotlin_multiline_inheritance
    self.assertIn("BaseView()", targets)
AssertionError: 'BaseView()' not found in set()

======================================================================
FAIL: test_01_spring_controller_aggregation (test_round_11_real_world.TestRound11RealWorld)
----------------------------------------------------------------------
Traceback (most recent call last):
  File "/Users/baecheolhan/Documents/repositories/horadric-deckard/tests/test_round_11_real_world.py", line 28, in test_01_spring_controller_aggregation
    self.assertIn("RESTCONTROLLER", json.loads(ctrl[7])["annotations"])
AssertionError: 'RESTCONTROLLER' not found in ['@RestController', '@RequestMapping', 'REQUESTMAPPING']

======================================================================
FAIL: test_01_java_full_header (test_round_12_refactored.TestRound12Refactored)
----------------------------------------------------------------------
Traceback (most recent call last):
  File "/Users/baecheolhan/Documents/repositories/horadric-deckard/tests/test_round_12_refactored.py", line 26, in test_01_java_full_header
    self.assertIn("SERVICE", json.loads(srv[7])["annotations"])
AssertionError: 'SERVICE' not found in ['@Service', '@RequestMapping', 'REQUESTMAPPING']

======================================================================
FAIL: test_01_fastapi_basic_get (test_round_1_python_parsing.TestRound1PythonParsing)
----------------------------------------------------------------------
Traceback (most recent call last):
  File "/Users/baecheolhan/Documents/repositories/horadric-deckard/tests/test_round_1_python_parsing.py", line 23, in test_01_fastapi_basic_get
    self.assertTrue(len(symbols) > 0)
AssertionError: False is not true

======================================================================
FAIL: test_02_flask_route (test_round_1_python_parsing.TestRound1PythonParsing)
----------------------------------------------------------------------
Traceback (most recent call last):
  File "/Users/baecheolhan/Documents/repositories/horadric-deckard/tests/test_round_1_python_parsing.py", line 42, in test_02_flask_route
    self.assertIsNotNone(target)
AssertionError: unexpectedly None

======================================================================
FAIL: test_03_router_object_method (test_round_1_python_parsing.TestRound1PythonParsing)
----------------------------------------------------------------------
Traceback (most recent call last):
  File "/Users/baecheolhan/Documents/repositories/horadric-deckard/tests/test_round_1_python_parsing.py", line 55, in test_03_router_object_method
    self.assertIsNotNone(target)
AssertionError: unexpectedly None

======================================================================
FAIL: test_06_async_function (test_round_1_python_parsing.TestRound1PythonParsing)
----------------------------------------------------------------------
Traceback (most recent call last):
  File "/Users/baecheolhan/Documents/repositories/horadric-deckard/tests/test_round_1_python_parsing.py", line 93, in test_06_async_function
    self.assertIsNotNone(target)
AssertionError: unexpectedly None

======================================================================
FAIL: test_09_java_star_stripping (test_round_4_docstring.TestRound4Docstring)
----------------------------------------------------------------------
Traceback (most recent call last):
  File "/Users/baecheolhan/Documents/repositories/horadric-deckard/tests/test_round_4_docstring.py", line 125, in test_09_java_star_stripping
    self.assertIn("* Bullet point", target[8])
AssertionError: '* Bullet point' not found in 'Bullet point'

======================================================================
FAIL: test_04_search_docstring_inclusion (test_round_5_integration.TestRound5Integration)
----------------------------------------------------------------------
Traceback (most recent call last):
  File "/Users/baecheolhan/Documents/repositories/horadric-deckard/tests/test_round_5_integration.py", line 85, in test_04_search_docstring_inclusion
    self.assertTrue(len(syms) > 0, "Symbol foo should be indexed")
AssertionError: False is not true : Symbol foo should be indexed

======================================================================
FAIL: test_03_wildcard_generics (test_round_6_advanced_java.TestRound6AdvancedJava)
----------------------------------------------------------------------
Traceback (most recent call last):
  File "/Users/baecheolhan/Documents/repositories/horadric-deckard/tests/test_round_6_advanced_java.py", line 33, in test_03_wildcard_generics
    self.assertTrue(rel[3].startswith("ArrayList"))
AssertionError: False is not true

======================================================================
FAIL: test_07_kotlin_inheritance (test_round_6_advanced_java.TestRound6AdvancedJava)
----------------------------------------------------------------------
Traceback (most recent call last):
  File "/Users/baecheolhan/Documents/repositories/horadric-deckard/tests/test_round_6_advanced_java.py", line 74, in test_07_kotlin_inheritance
    self.assertIsNotNone(rel, "Kotlin inheritance ':' should be detected")
AssertionError: unexpectedly None : Kotlin inheritance ':' should be detected

======================================================================
FAIL: test_01_nested_class (test_round_7_advanced_python.TestRound7AdvancedPython)
----------------------------------------------------------------------
Traceback (most recent call last):
  File "/Users/baecheolhan/Documents/repositories/horadric-deckard/tests/test_round_7_advanced_python.py", line 19, in test_01_nested_class
    self.assertIsNotNone(inner)
AssertionError: unexpectedly None

======================================================================
FAIL: test_06_async_generator (test_round_7_advanced_python.TestRound7AdvancedPython)
----------------------------------------------------------------------
Traceback (most recent call last):
  File "/Users/baecheolhan/Documents/repositories/horadric-deckard/tests/test_round_7_advanced_python.py", line 74, in test_06_async_generator
    self.assertIsNotNone(target)
AssertionError: unexpectedly None

======================================================================
FAIL: test_09_main_block_definitions (test_round_7_advanced_python.TestRound7AdvancedPython)
----------------------------------------------------------------------
Traceback (most recent call last):
  File "/Users/baecheolhan/Documents/repositories/horadric-deckard/tests/test_round_7_advanced_python.py", line 124, in test_09_main_block_definitions
    self.assertIsNotNone(target)
AssertionError: unexpectedly None

======================================================================
FAIL: test_04_unicode_identifiers (test_round_8_edge_cases.TestRound8EdgeCases)
----------------------------------------------------------------------
Traceback (most recent call last):
  File "/Users/baecheolhan/Documents/repositories/horadric-deckard/tests/test_round_8_edge_cases.py", line 38, in test_04_unicode_identifiers
    self.assertIsNotNone(target)
AssertionError: unexpectedly None

======================================================================
FAIL: test_06_mixed_line_endings (test_round_8_edge_cases.TestRound8EdgeCases)
----------------------------------------------------------------------
Traceback (most recent call last):
  File "/Users/baecheolhan/Documents/repositories/horadric-deckard/tests/test_round_8_edge_cases.py", line 50, in test_06_mixed_line_endings
    self.assertEqual(len(symbols), 2)
AssertionError: 0 != 2

======================================================================
FAIL: test_07_no_newline_eof (test_round_8_edge_cases.TestRound8EdgeCases)
----------------------------------------------------------------------
Traceback (most recent call last):
  File "/Users/baecheolhan/Documents/repositories/horadric-deckard/tests/test_round_8_edge_cases.py", line 55, in test_07_no_newline_eof
    self.assertEqual(len(symbols), 1)
AssertionError: 0 != 1

======================================================================
FAIL: test_04_annotation_aggregation (test_round_9_advanced_parser.TestRound9AdvancedParser)
----------------------------------------------------------------------
Traceback (most recent call last):
  File "/Users/baecheolhan/Documents/repositories/horadric-deckard/tests/test_round_9_advanced_parser.py", line 39, in test_04_annotation_aggregation
    self.assertIn("SERVICE", annos)
AssertionError: 'SERVICE' not found in ['@Service', '@Transactional', '@RequestMapping', 'REQUESTMAPPING']

----------------------------------------------------------------------
Ran 221 tests in 20.616s

FAILED (failures=28, errors=23)
[deckard] Config not found in workspace (/Users/baecheolhan/Documents/repositories/horadric-deckard/config/config.json), using defaults.
[deckard] DB path: /var/folders/53/1642qrvs7rdg6qlcn2v_50sh0000gn/T/tmpw5yd72v6/ws/.codex/tools/deckard/data/index.db
[deckard] DB path: /var/folders/53/1642qrvs7rdg6qlcn2v_50sh0000gn/T/tmphqpn8svc/ws/test.db
[deckard] server.json updated with fallback port 48888
