....[deckard] INFO: test message
.[deckard] INFO: DB path: /var/folders/53/1642qrvs7rdg6qlcn2v_50sh0000gn/T/tmp8oyyghnm/ws6/.codex/tools/deckard/data/index.db
Executing <Task pending name='Task-1' coro=<IsolatedAsyncioTestCase._asyncioLoopRunner() running at /Library/Developer/CommandLineTools/Library/Frameworks/Python3.framework/Versions/3.9/lib/python3.9/unittest/async_case.py:96> wait_for=<Future pending cb=[<TaskWakeupMethWrapper object at 0x10a682c10>()] created at /Library/Developer/CommandLineTools/Library/Frameworks/Python3.framework/Versions/3.9/lib/python3.9/asyncio/base_events.py:424> created at /Library/Developer/CommandLineTools/Library/Frameworks/Python3.framework/Versions/3.9/lib/python3.9/unittest/async_case.py:118> took 0.119 seconds
.[deckard] INFO: DB path: /var/folders/53/1642qrvs7rdg6qlcn2v_50sh0000gn/T/tmpf7zu6fy2/ws3/.codex/tools/deckard/data/index.db
F[deckard] INFO: DB path: /private/var/folders/53/1642qrvs7rdg6qlcn2v_50sh0000gn/T/tmp_w_h5z0t/ws4/.codex/tools/deckard/data/index.db
[deckard] Started on port 47778 (requested: 47777)
[deckard] INFO: DB path: /private/var/folders/53/1642qrvs7rdg6qlcn2v_50sh0000gn/T/tmp_w_h5z0t/ws5/.codex/tools/deckard/data/index.db
[deckard] Started on port 47780 (requested: 47777)
[deckard] INFO: Shutting down server for workspace: /private/var/folders/53/1642qrvs7rdg6qlcn2v_50sh0000gn/T/tmp_w_h5z0t/ws4
[deckard] INFO: Shutting down server for workspace: /private/var/folders/53/1642qrvs7rdg6qlcn2v_50sh0000gn/T/tmp_w_h5z0t/ws5
.[deckard] INFO: DB path: /private/var/folders/53/1642qrvs7rdg6qlcn2v_50sh0000gn/T/tmpjs88a68g/ws1/.codex/tools/deckard/data/index.db
[deckard] Started on port 47778 (requested: 47777)
[deckard] INFO: Shutting down server for workspace: /private/var/folders/53/1642qrvs7rdg6qlcn2v_50sh0000gn/T/tmpjs88a68g/ws1
.[deckard] INFO: DB path: /var/folders/53/1642qrvs7rdg6qlcn2v_50sh0000gn/T/tmpl5xlapqt/ws2/.codex/tools/deckard/data/index.db
Executing <Task pending name='Task-9' coro=<IsolatedAsyncioTestCase._asyncioLoopRunner() running at /Library/Developer/CommandLineTools/Library/Frameworks/Python3.framework/Versions/3.9/lib/python3.9/unittest/async_case.py:96> wait_for=<Future pending cb=[<TaskWakeupMethWrapper object at 0x10a785a90>()] created at /Library/Developer/CommandLineTools/Library/Frameworks/Python3.framework/Versions/3.9/lib/python3.9/asyncio/base_events.py:424> created at /Library/Developer/CommandLineTools/Library/Frameworks/Python3.framework/Versions/3.9/lib/python3.9/unittest/async_case.py:118> took 0.110 seconds
......F.......F.........[deckard] ERROR: Failed to log to file: [Errno 13] Permission denied: '/var/folders/53/1642qrvs7rdg6qlcn2v_50sh0000gn/T/tmpj090orm6/readonly/deckard.log'
.........................E.FF..F..F.F.FEF...F..F..................F..............................................[deckard] ERROR: Failed to log to file: 'str' object has no attribute 'mkdir'
.[deckard] ERROR: Failed to log to file: 'str' object has no attribute 'mkdir'
........F...F......................................F......................
======================================================================
ERROR: test_1_10_parent_name (test_round1.TestRound1)
----------------------------------------------------------------------
Traceback (most recent call last):
  File "/Users/baecheolhan/Documents/repositories/horadric-deckard/tests/test_round1.py", line 66, in test_1_10_parent_name
    method = next(s for s in symbols if s[1] == "my_method")
  File "/Users/baecheolhan/Documents/repositories/horadric-deckard/tests/test_round1.py", line 66, in <genexpr>
    method = next(s for s in symbols if s[1] == "my_method")
IndexError: list index out of range

======================================================================
ERROR: test_4_3_docstring_cleanup (test_round4.TestRound4)
----------------------------------------------------------------------
Traceback (most recent call last):
  File "/Users/baecheolhan/Documents/repositories/horadric-deckard/tests/test_round4.py", line 53, in test_4_3_docstring_cleanup
    self.assertEqual(symbols[0][8], "Hello\nWorld")
IndexError: list index out of range

======================================================================
FAIL: test_fts_fallback_on_syntax_error (test_concurrency_stress.TestConcurrencyStress)
Case 3: FTS syntax error fallback
----------------------------------------------------------------------
Traceback (most recent call last):
  File "/Library/Developer/CommandLineTools/Library/Frameworks/Python3.framework/Versions/3.9/lib/python3.9/unittest/async_case.py", line 65, in _callTestMethod
    self._callMaybeAsync(method)
  File "/Library/Developer/CommandLineTools/Library/Frameworks/Python3.framework/Versions/3.9/lib/python3.9/unittest/async_case.py", line 84, in _callMaybeAsync
    ret = func(*args, **kwargs)
  File "/Users/baecheolhan/Documents/repositories/horadric-deckard/tests/test_concurrency_stress.py", line 64, in test_fts_fallback_on_syntax_error
    self.assertTrue(data["meta"]["fallback_used"])
AssertionError: False is not true

======================================================================
FAIL: test_config_fallback_logic (test_daemon_advanced.TestDaemonAdvanced)
Verify defaults are used when config.json is missing.
----------------------------------------------------------------------
Traceback (most recent call last):
  File "/Users/baecheolhan/Documents/repositories/horadric-deckard/tests/test_daemon_advanced.py", line 69, in test_config_fallback_logic
    self.assertTrue(mock_config_class.called)
AssertionError: False is not true

======================================================================
FAIL: test_search_ranking_priority (test_final_polish.TestFinalPolish)
Filename match should have higher score than content match.
----------------------------------------------------------------------
Traceback (most recent call last):
  File "/Users/baecheolhan/Documents/repositories/horadric-deckard/tests/test_final_polish.py", line 58, in test_search_ranking_priority
    self.assertIn("Filename match", hits[0].hit_reason)
AssertionError: 'Filename match' not found in 'Exact filename match'

======================================================================
FAIL: test_1_2_java_implements (test_round1.TestRound1)
----------------------------------------------------------------------
Traceback (most recent call last):
  File "/Users/baecheolhan/Documents/repositories/horadric-deckard/tests/test_round1.py", line 36, in test_1_2_java_implements
    self.assertIn("@Service", meta["annotations"])
AssertionError: '@Service' not found in []

======================================================================
FAIL: test_1_3_java_multi_mapping (test_round1.TestRound1)
----------------------------------------------------------------------
Traceback (most recent call last):
  File "/Users/baecheolhan/Documents/repositories/horadric-deckard/tests/test_round1.py", line 47, in test_1_3_java_multi_mapping
    self.assertTrue("http_path" in meta)
AssertionError: False is not true

======================================================================
FAIL: test_2_1_multi_path_annotation (test_round2.TestRound2)
----------------------------------------------------------------------
Traceback (most recent call last):
  File "/Users/baecheolhan/Documents/repositories/horadric-deckard/tests/test_round2.py", line 18, in test_2_1_multi_path_annotation
    self.assertIn("http_path", meta)
AssertionError: 'http_path' not found in {'annotations': ['@RequestMapping', 'REQUESTMAPPING']}

======================================================================
FAIL: test_2_8_multi_annotations_order (test_round2.TestRound2)
----------------------------------------------------------------------
Traceback (most recent call last):
  File "/Users/baecheolhan/Documents/repositories/horadric-deckard/tests/test_round2.py", line 35, in test_2_8_multi_annotations_order
    self.assertEqual(len(meta["annotations"]), 2)
AssertionError: 4 != 2

======================================================================
FAIL: test_3_2_index_file_integration (test_round3.TestRound3)
----------------------------------------------------------------------
Traceback (most recent call last):
  File "/Users/baecheolhan/Documents/repositories/horadric-deckard/tests/test_round3.py", line 59, in test_3_2_index_file_integration
    self.assertTrue(res["success"])
AssertionError: False is not true

======================================================================
FAIL: test_4_2_java_call_extraction (test_round4.TestRound4)
----------------------------------------------------------------------
Traceback (most recent call last):
  File "/Users/baecheolhan/Documents/repositories/horadric-deckard/tests/test_round4.py", line 41, in test_4_2_java_call_extraction
    self.assertIn("validate", targets)
AssertionError: 'validate' not found in []

======================================================================
FAIL: test_01_multiline_annotations (test_round_10_multiline_logic.TestRound10MultilineLogic)
----------------------------------------------------------------------
Traceback (most recent call last):
  File "/Users/baecheolhan/Documents/repositories/horadric-deckard/tests/test_round_10_multiline_logic.py", line 20, in test_01_multiline_annotations
    self.assertEqual(len(meta["annotations"]), 2)
AssertionError: 4 != 2

======================================================================
FAIL: test_05_implements_with_newlines (test_round_10_multiline_logic.TestRound10MultilineLogic)
----------------------------------------------------------------------
Traceback (most recent call last):
  File "/Users/baecheolhan/Documents/repositories/horadric-deckard/tests/test_round_10_multiline_logic.py", line 63, in test_05_implements_with_newlines
    self.assertIn("Leader", targets)
AssertionError: 'Leader' not found in {'Manager'}

======================================================================
FAIL: test_08_kotlin_multiline_inheritance (test_round_10_multiline_logic.TestRound10MultilineLogic)
----------------------------------------------------------------------
Traceback (most recent call last):
  File "/Users/baecheolhan/Documents/repositories/horadric-deckard/tests/test_round_10_multiline_logic.py", line 98, in test_08_kotlin_multiline_inheritance
    self.assertIn("BaseView()", targets)
AssertionError: 'BaseView()' not found in set()

======================================================================
FAIL: test_07_javadoc_cleaning (test_round_12_refactored.TestRound12Refactored)
----------------------------------------------------------------------
Traceback (most recent call last):
  File "/Users/baecheolhan/Documents/repositories/horadric-deckard/tests/test_round_12_refactored.py", line 75, in test_07_javadoc_cleaning
    self.assertEqual(symbols[0][8], "Hello\nWorld")
AssertionError: 'Hello\n* World' != 'Hello\nWorld'
  Hello
- * World? --
+ World

======================================================================
FAIL: test_03_wildcard_generics (test_round_6_advanced_java.TestRound6AdvancedJava)
----------------------------------------------------------------------
Traceback (most recent call last):
  File "/Users/baecheolhan/Documents/repositories/horadric-deckard/tests/test_round_6_advanced_java.py", line 33, in test_03_wildcard_generics
    self.assertTrue(rel[3].startswith("ArrayList"))
AssertionError: False is not true

======================================================================
FAIL: test_07_kotlin_inheritance (test_round_6_advanced_java.TestRound6AdvancedJava)
----------------------------------------------------------------------
Traceback (most recent call last):
  File "/Users/baecheolhan/Documents/repositories/horadric-deckard/tests/test_round_6_advanced_java.py", line 74, in test_07_kotlin_inheritance
    self.assertIsNotNone(rel, "Kotlin inheritance ':' should be detected")
AssertionError: unexpectedly None : Kotlin inheritance ':' should be detected

======================================================================
FAIL: test_01_unicode_fire_emoji (test_search_edge_cases_60.TestSearchEdgeCases60)
----------------------------------------------------------------------
Traceback (most recent call last):
  File "/Users/baecheolhan/Documents/repositories/horadric-deckard/tests/test_search_edge_cases_60.py", line 67, in test_01_unicode_fire_emoji
    self.assertGreater(len(hits), 0)
AssertionError: 0 not greater than 0

----------------------------------------------------------------------
Ran 221 tests in 20.725s

FAILED (failures=16, errors=2)
[deckard] Config not found in workspace (/Users/baecheolhan/Documents/repositories/horadric-deckard/config/config.json), using defaults.
[deckard] DB path: /var/folders/53/1642qrvs7rdg6qlcn2v_50sh0000gn/T/tmpal2hry3g/ws/.codex/tools/deckard/data/index.db
[deckard] DB path: /var/folders/53/1642qrvs7rdg6qlcn2v_50sh0000gn/T/tmp02knyzne/ws/test.db
[deckard] server.json updated with fallback port 48888
