.EE.[deckard] INFO: test message
.[deckard] ERROR: Initialization failed: __init__() missing 1 required positional argument: 'exclude_content_bytes'
E[deckard] ERROR: Initialization failed: __init__() missing 1 required positional argument: 'exclude_content_bytes'
E[deckard] ERROR: Initialization failed: __init__() missing 1 required positional argument: 'exclude_content_bytes'
Failed to start server components for /private/var/folders/53/1642qrvs7rdg6qlcn2v_50sh0000gn/T/tmpzihdxoxp/ws4: __init__() missing 1 required positional argument: 'exclude_content_bytes'
[deckard] ERROR: Initialization failed: __init__() missing 1 required positional argument: 'exclude_content_bytes'
Failed to start server components for /private/var/folders/53/1642qrvs7rdg6qlcn2v_50sh0000gn/T/tmpzihdxoxp/ws5: __init__() missing 1 required positional argument: 'exclude_content_bytes'
[deckard] ERROR: Initialization failed: __init__() missing 1 required positional argument: 'exclude_content_bytes'
[deckard] INFO: Shutting down server for workspace: /private/var/folders/53/1642qrvs7rdg6qlcn2v_50sh0000gn/T/tmpzihdxoxp/ws4
[deckard] INFO: Shutting down server for workspace: /private/var/folders/53/1642qrvs7rdg6qlcn2v_50sh0000gn/T/tmpzihdxoxp/ws5
E[deckard] ERROR: Initialization failed: __init__() missing 1 required positional argument: 'exclude_content_bytes'
Failed to start server components for /private/var/folders/53/1642qrvs7rdg6qlcn2v_50sh0000gn/T/tmpdvdypopj/ws1: __init__() missing 1 required positional argument: 'exclude_content_bytes'
[deckard] INFO: Shutting down server for workspace: /private/var/folders/53/1642qrvs7rdg6qlcn2v_50sh0000gn/T/tmpdvdypopj/ws1
.[deckard] ERROR: Initialization failed: __init__() missing 1 required positional argument: 'exclude_content_bytes'
E.....F.......F.......EE[deckard] ERROR: Failed to log to file: [Errno 13] Permission denied: '/var/folders/53/1642qrvs7rdg6qlcn2v_50sh0000gn/T/tmpnp2pu3ve/readonly/deckard.log'
.EEEEEEEEE...............E.FF..F..FE.FEF...F..F..................F...........................................EEEEEEEEEE..F...F......................................F...............E......
======================================================================
ERROR: test_extension_filtering (test_audit_edge_cases.TestAuditEdgeCases)
Case 5: Extension filtering
----------------------------------------------------------------------
Traceback (most recent call last):
  File "/Users/baecheolhan/Documents/repositories/horadric-deckard/tests/test_audit_edge_cases.py", line 70, in test_extension_filtering
    cfg = Config(
TypeError: __init__() missing 1 required positional argument: 'exclude_content_bytes'

======================================================================
ERROR: test_max_file_bytes (test_audit_edge_cases.TestAuditEdgeCases)
Case 2: File size limit
----------------------------------------------------------------------
Traceback (most recent call last):
  File "/Users/baecheolhan/Documents/repositories/horadric-deckard/tests/test_audit_edge_cases.py", line 39, in test_max_file_bytes
    cfg = Config(
TypeError: __init__() missing 1 required positional argument: 'exclude_content_bytes'

======================================================================
ERROR: test_concurrent_read_write_wal (test_concurrency_stress.TestConcurrencyStress)
Case 4: Concurrent read/write (WAL check)
----------------------------------------------------------------------
Traceback (most recent call last):
  File "/Library/Developer/CommandLineTools/Library/Frameworks/Python3.framework/Versions/3.9/lib/python3.9/unittest/async_case.py", line 65, in _callTestMethod
    self._callMaybeAsync(method)
  File "/Library/Developer/CommandLineTools/Library/Frameworks/Python3.framework/Versions/3.9/lib/python3.9/unittest/async_case.py", line 88, in _callMaybeAsync
    return self._asyncioTestLoop.run_until_complete(fut)
  File "/Library/Developer/CommandLineTools/Library/Frameworks/Python3.framework/Versions/3.9/lib/python3.9/asyncio/base_events.py", line 642, in run_until_complete
    return future.result()
  File "/Library/Developer/CommandLineTools/Library/Frameworks/Python3.framework/Versions/3.9/lib/python3.9/unittest/async_case.py", line 102, in _asyncioLoopRunner
    ret = await awaitable
  File "/Users/baecheolhan/Documents/repositories/horadric-deckard/tests/test_concurrency_stress.py", line 86, in test_concurrent_read_write_wal
    server._ensure_initialized()
  File "/Users/baecheolhan/Documents/repositories/horadric-deckard/mcp/server.py", line 100, in _ensure_initialized
    self.cfg = Config(
TypeError: __init__() missing 1 required positional argument: 'exclude_content_bytes'

======================================================================
ERROR: test_fts_fallback_on_syntax_error (test_concurrency_stress.TestConcurrencyStress)
Case 3: FTS syntax error fallback
----------------------------------------------------------------------
Traceback (most recent call last):
  File "/Library/Developer/CommandLineTools/Library/Frameworks/Python3.framework/Versions/3.9/lib/python3.9/unittest/async_case.py", line 65, in _callTestMethod
    self._callMaybeAsync(method)
  File "/Library/Developer/CommandLineTools/Library/Frameworks/Python3.framework/Versions/3.9/lib/python3.9/unittest/async_case.py", line 84, in _callMaybeAsync
    ret = func(*args, **kwargs)
  File "/Users/baecheolhan/Documents/repositories/horadric-deckard/tests/test_concurrency_stress.py", line 55, in test_fts_fallback_on_syntax_error
    server._ensure_initialized()
  File "/Users/baecheolhan/Documents/repositories/horadric-deckard/mcp/server.py", line 100, in _ensure_initialized
    self.cfg = Config(
TypeError: __init__() missing 1 required positional argument: 'exclude_content_bytes'

======================================================================
ERROR: test_multi_workspace_isolation (test_concurrency_stress.TestConcurrencyStress)
Case 1: Multi-workspace isolation
----------------------------------------------------------------------
Traceback (most recent call last):
  File "/Library/Developer/CommandLineTools/Library/Frameworks/Python3.framework/Versions/3.9/lib/python3.9/unittest/async_case.py", line 65, in _callTestMethod
    self._callMaybeAsync(method)
  File "/Library/Developer/CommandLineTools/Library/Frameworks/Python3.framework/Versions/3.9/lib/python3.9/unittest/async_case.py", line 84, in _callMaybeAsync
    ret = func(*args, **kwargs)
  File "/Users/baecheolhan/Documents/repositories/horadric-deckard/tests/test_concurrency_stress.py", line 75, in test_multi_workspace_isolation
    s1.server._ensure_initialized()
  File "/Users/baecheolhan/Documents/repositories/horadric-deckard/mcp/server.py", line 100, in _ensure_initialized
    self.cfg = Config(
TypeError: __init__() missing 1 required positional argument: 'exclude_content_bytes'

======================================================================
ERROR: test_search_pagination_overflow (test_concurrency_stress.TestConcurrencyStress)
Case 2: Search offset overflow
----------------------------------------------------------------------
Traceback (most recent call last):
  File "/Library/Developer/CommandLineTools/Library/Frameworks/Python3.framework/Versions/3.9/lib/python3.9/unittest/async_case.py", line 65, in _callTestMethod
    self._callMaybeAsync(method)
  File "/Library/Developer/CommandLineTools/Library/Frameworks/Python3.framework/Versions/3.9/lib/python3.9/unittest/async_case.py", line 88, in _callMaybeAsync
    return self._asyncioTestLoop.run_until_complete(fut)
  File "/Library/Developer/CommandLineTools/Library/Frameworks/Python3.framework/Versions/3.9/lib/python3.9/asyncio/base_events.py", line 642, in run_until_complete
    return future.result()
  File "/Library/Developer/CommandLineTools/Library/Frameworks/Python3.framework/Versions/3.9/lib/python3.9/unittest/async_case.py", line 102, in _asyncioLoopRunner
    ret = await awaitable
  File "/Users/baecheolhan/Documents/repositories/horadric-deckard/tests/test_concurrency_stress.py", line 40, in test_search_pagination_overflow
    server._ensure_initialized()
  File "/Users/baecheolhan/Documents/repositories/horadric-deckard/mcp/server.py", line 100, in _ensure_initialized
    self.cfg = Config(
TypeError: __init__() missing 1 required positional argument: 'exclude_content_bytes'

======================================================================
ERROR: test_exclude_globs (test_indexer_config.TestIndexerConfig)
Verify files matching exclude_globs are skipped.
----------------------------------------------------------------------
Traceback (most recent call last):
  File "/Users/baecheolhan/Documents/repositories/horadric-deckard/tests/test_indexer_config.py", line 29, in test_exclude_globs
    cfg = Config(
TypeError: __init__() missing 1 required positional argument: 'exclude_content_bytes'

======================================================================
ERROR: test_max_file_size_limit (test_indexer_config.TestIndexerConfig)
Verify files exceeding max_file_bytes are skipped.
----------------------------------------------------------------------
Traceback (most recent call last):
  File "/Users/baecheolhan/Documents/repositories/horadric-deckard/tests/test_indexer_config.py", line 55, in test_max_file_size_limit
    cfg = Config(
TypeError: __init__() missing 1 required positional argument: 'exclude_content_bytes'

======================================================================
ERROR: test_deep_deletion_integrity (test_indexer_deep_dive.TestIndexerDeepDive)
Integrity Category: Deleting directories.
----------------------------------------------------------------------
Traceback (most recent call last):
  File "/Users/baecheolhan/Documents/repositories/horadric-deckard/tests/test_indexer_deep_dive.py", line 25, in setUp
    self._set_config()
  File "/Users/baecheolhan/Documents/repositories/horadric-deckard/tests/test_indexer_deep_dive.py", line 39, in _set_config
    self.cfg = Config(**base)
TypeError: __init__() missing 1 required positional argument: 'exclude_content_bytes'

======================================================================
ERROR: test_massive_matrix_processing (test_indexer_deep_dive.TestIndexerDeepDive)
Matrix Testing Category: File Integrity & Redaction (Approx 200 variations)
----------------------------------------------------------------------
Traceback (most recent call last):
  File "/Users/baecheolhan/Documents/repositories/horadric-deckard/tests/test_indexer_deep_dive.py", line 25, in setUp
    self._set_config()
  File "/Users/baecheolhan/Documents/repositories/horadric-deckard/tests/test_indexer_deep_dive.py", line 39, in _set_config
    self.cfg = Config(**base)
TypeError: __init__() missing 1 required positional argument: 'exclude_content_bytes'

======================================================================
ERROR: test_mixed_binary_and_encoding_resilience (test_indexer_deep_dive.TestIndexerDeepDive)
Robustness Category: Non-standard files.
----------------------------------------------------------------------
Traceback (most recent call last):
  File "/Users/baecheolhan/Documents/repositories/horadric-deckard/tests/test_indexer_deep_dive.py", line 25, in setUp
    self._set_config()
  File "/Users/baecheolhan/Documents/repositories/horadric-deckard/tests/test_indexer_deep_dive.py", line 39, in _set_config
    self.cfg = Config(**base)
TypeError: __init__() missing 1 required positional argument: 'exclude_content_bytes'

======================================================================
ERROR: test_rapid_churn_stress (test_indexer_deep_dive.TestIndexerDeepDive)
Stress Category: Rapid Churn (High frequency updates to same set of files)
----------------------------------------------------------------------
Traceback (most recent call last):
  File "/Users/baecheolhan/Documents/repositories/horadric-deckard/tests/test_indexer_deep_dive.py", line 25, in setUp
    self._set_config()
  File "/Users/baecheolhan/Documents/repositories/horadric-deckard/tests/test_indexer_deep_dive.py", line 39, in _set_config
    self.cfg = Config(**base)
TypeError: __init__() missing 1 required positional argument: 'exclude_content_bytes'

======================================================================
ERROR: test_burst_events_and_deduplication (test_indexer_robustness.TestIndexerRobustness)
Case 1: Simulate 500 file changes in a burst.
----------------------------------------------------------------------
Traceback (most recent call last):
  File "/Users/baecheolhan/Documents/repositories/horadric-deckard/tests/test_indexer_robustness.py", line 20, in setUp
    self.cfg = Config(
TypeError: __init__() missing 1 required positional argument: 'exclude_content_bytes'

======================================================================
ERROR: test_concurrent_search_during_indexing (test_indexer_robustness.TestIndexerRobustness)
Case 4: Search while indexer is busy writing.
----------------------------------------------------------------------
Traceback (most recent call last):
  File "/Users/baecheolhan/Documents/repositories/horadric-deckard/tests/test_indexer_robustness.py", line 20, in setUp
    self.cfg = Config(
TypeError: __init__() missing 1 required positional argument: 'exclude_content_bytes'

======================================================================
ERROR: test_malformed_scripts_resilience (test_indexer_robustness.TestIndexerRobustness)
Case 2: Malformed Python/Java should not crash indexer.
----------------------------------------------------------------------
Traceback (most recent call last):
  File "/Users/baecheolhan/Documents/repositories/horadric-deckard/tests/test_indexer_robustness.py", line 20, in setUp
    self.cfg = Config(
TypeError: __init__() missing 1 required positional argument: 'exclude_content_bytes'

======================================================================
ERROR: test_rapid_delete_modify_cycle (test_indexer_robustness.TestIndexerRobustness)
Case 3: File is modified then deleted quickly.
----------------------------------------------------------------------
Traceback (most recent call last):
  File "/Users/baecheolhan/Documents/repositories/horadric-deckard/tests/test_indexer_robustness.py", line 20, in setUp
    self.cfg = Config(
TypeError: __init__() missing 1 required positional argument: 'exclude_content_bytes'

======================================================================
ERROR: test_indexer_ai_safety_net (test_integration_portability.TestIntegrationPortability)
Case 5: Indexer AI Safety Net (force re-index)
----------------------------------------------------------------------
Traceback (most recent call last):
  File "/Users/baecheolhan/Documents/repositories/horadric-deckard/tests/test_integration_portability.py", line 70, in test_indexer_ai_safety_net
    cfg = Config(
TypeError: __init__() missing 1 required positional argument: 'exclude_content_bytes'

======================================================================
ERROR: test_1_10_parent_name (test_round1.TestRound1)
----------------------------------------------------------------------
Traceback (most recent call last):
  File "/Users/baecheolhan/Documents/repositories/horadric-deckard/tests/test_round1.py", line 66, in test_1_10_parent_name
    method = next(s for s in symbols if s[1] == "my_method")
  File "/Users/baecheolhan/Documents/repositories/horadric-deckard/tests/test_round1.py", line 66, in <genexpr>
    method = next(s for s in symbols if s[1] == "my_method")
IndexError: list index out of range

======================================================================
ERROR: setUpClass (test_round3.TestRound3)
----------------------------------------------------------------------
Traceback (most recent call last):
  File "/Users/baecheolhan/Documents/repositories/horadric-deckard/tests/test_round3.py", line 22, in setUpClass
    cls.cfg = Config(
TypeError: __init__() missing 1 required positional argument: 'exclude_content_bytes'

======================================================================
ERROR: test_4_3_docstring_cleanup (test_round4.TestRound4)
----------------------------------------------------------------------
Traceback (most recent call last):
  File "/Users/baecheolhan/Documents/repositories/horadric-deckard/tests/test_round4.py", line 53, in test_4_3_docstring_cleanup
    self.assertEqual(symbols[0][8], "Hello\nWorld")
IndexError: list index out of range

======================================================================
ERROR: test_01_get_implementations_basic (test_round_5_integration.TestRound5Integration)
----------------------------------------------------------------------
Traceback (most recent call last):
  File "/Users/baecheolhan/Documents/repositories/horadric-deckard/tests/test_round_5_integration.py", line 24, in setUp
    self.cfg = Config(
TypeError: __init__() missing 1 required positional argument: 'exclude_content_bytes'

======================================================================
ERROR: test_02_get_implementations_multiple (test_round_5_integration.TestRound5Integration)
----------------------------------------------------------------------
Traceback (most recent call last):
  File "/Users/baecheolhan/Documents/repositories/horadric-deckard/tests/test_round_5_integration.py", line 24, in setUp
    self.cfg = Config(
TypeError: __init__() missing 1 required positional argument: 'exclude_content_bytes'

======================================================================
ERROR: test_03_search_api_endpoints (test_round_5_integration.TestRound5Integration)
----------------------------------------------------------------------
Traceback (most recent call last):
  File "/Users/baecheolhan/Documents/repositories/horadric-deckard/tests/test_round_5_integration.py", line 24, in setUp
    self.cfg = Config(
TypeError: __init__() missing 1 required positional argument: 'exclude_content_bytes'

======================================================================
ERROR: test_04_search_docstring_inclusion (test_round_5_integration.TestRound5Integration)
----------------------------------------------------------------------
Traceback (most recent call last):
  File "/Users/baecheolhan/Documents/repositories/horadric-deckard/tests/test_round_5_integration.py", line 24, in setUp
    self.cfg = Config(
TypeError: __init__() missing 1 required positional argument: 'exclude_content_bytes'

======================================================================
ERROR: test_05_search_docstring_truncate (test_round_5_integration.TestRound5Integration)
----------------------------------------------------------------------
Traceback (most recent call last):
  File "/Users/baecheolhan/Documents/repositories/horadric-deckard/tests/test_round_5_integration.py", line 24, in setUp
    self.cfg = Config(
TypeError: __init__() missing 1 required positional argument: 'exclude_content_bytes'

======================================================================
ERROR: test_06_index_robustness_binary (test_round_5_integration.TestRound5Integration)
----------------------------------------------------------------------
Traceback (most recent call last):
  File "/Users/baecheolhan/Documents/repositories/horadric-deckard/tests/test_round_5_integration.py", line 24, in setUp
    self.cfg = Config(
TypeError: __init__() missing 1 required positional argument: 'exclude_content_bytes'

======================================================================
ERROR: test_07_inner_class_relations (test_round_5_integration.TestRound5Integration)
----------------------------------------------------------------------
Traceback (most recent call last):
  File "/Users/baecheolhan/Documents/repositories/horadric-deckard/tests/test_round_5_integration.py", line 24, in setUp
    self.cfg = Config(
TypeError: __init__() missing 1 required positional argument: 'exclude_content_bytes'

======================================================================
ERROR: test_08_duplicate_class_names (test_round_5_integration.TestRound5Integration)
----------------------------------------------------------------------
Traceback (most recent call last):
  File "/Users/baecheolhan/Documents/repositories/horadric-deckard/tests/test_round_5_integration.py", line 24, in setUp
    self.cfg = Config(
TypeError: __init__() missing 1 required positional argument: 'exclude_content_bytes'

======================================================================
ERROR: test_09_api_search_partial_match (test_round_5_integration.TestRound5Integration)
----------------------------------------------------------------------
Traceback (most recent call last):
  File "/Users/baecheolhan/Documents/repositories/horadric-deckard/tests/test_round_5_integration.py", line 24, in setUp
    self.cfg = Config(
TypeError: __init__() missing 1 required positional argument: 'exclude_content_bytes'

======================================================================
ERROR: test_10_invalid_symbol_name (test_round_5_integration.TestRound5Integration)
----------------------------------------------------------------------
Traceback (most recent call last):
  File "/Users/baecheolhan/Documents/repositories/horadric-deckard/tests/test_round_5_integration.py", line 24, in setUp
    self.cfg = Config(
TypeError: __init__() missing 1 required positional argument: 'exclude_content_bytes'

======================================================================
ERROR: test_process_package_json (test_security_and_meta.TestMetaExtraction)
----------------------------------------------------------------------
Traceback (most recent call last):
  File "/Users/baecheolhan/Documents/repositories/horadric-deckard/tests/test_security_and_meta.py", line 41, in test_process_package_json
    cfg = Config(
TypeError: __init__() missing 1 required positional argument: 'exclude_content_bytes'

======================================================================
FAIL: test_config_fallback_logic (test_daemon_advanced.TestDaemonAdvanced)
Verify defaults are used when config.json is missing.
----------------------------------------------------------------------
Traceback (most recent call last):
  File "/Users/baecheolhan/Documents/repositories/horadric-deckard/tests/test_daemon_advanced.py", line 69, in test_config_fallback_logic
    self.assertTrue(mock_config_class.called)
AssertionError: False is not true

======================================================================
FAIL: test_search_ranking_priority (test_final_polish.TestFinalPolish)
Filename match should have higher score than content match.
----------------------------------------------------------------------
Traceback (most recent call last):
  File "/Users/baecheolhan/Documents/repositories/horadric-deckard/tests/test_final_polish.py", line 58, in test_search_ranking_priority
    self.assertIn("Filename match", hits[0].hit_reason)
AssertionError: 'Filename match' not found in 'Exact filename match'

======================================================================
FAIL: test_1_2_java_implements (test_round1.TestRound1)
----------------------------------------------------------------------
Traceback (most recent call last):
  File "/Users/baecheolhan/Documents/repositories/horadric-deckard/tests/test_round1.py", line 36, in test_1_2_java_implements
    self.assertIn("@Service", meta["annotations"])
AssertionError: '@Service' not found in []

======================================================================
FAIL: test_1_3_java_multi_mapping (test_round1.TestRound1)
----------------------------------------------------------------------
Traceback (most recent call last):
  File "/Users/baecheolhan/Documents/repositories/horadric-deckard/tests/test_round1.py", line 47, in test_1_3_java_multi_mapping
    self.assertTrue("http_path" in meta)
AssertionError: False is not true

======================================================================
FAIL: test_2_1_multi_path_annotation (test_round2.TestRound2)
----------------------------------------------------------------------
Traceback (most recent call last):
  File "/Users/baecheolhan/Documents/repositories/horadric-deckard/tests/test_round2.py", line 18, in test_2_1_multi_path_annotation
    self.assertIn("http_path", meta)
AssertionError: 'http_path' not found in {'annotations': ['@RequestMapping', 'REQUESTMAPPING']}

======================================================================
FAIL: test_2_8_multi_annotations_order (test_round2.TestRound2)
----------------------------------------------------------------------
Traceback (most recent call last):
  File "/Users/baecheolhan/Documents/repositories/horadric-deckard/tests/test_round2.py", line 35, in test_2_8_multi_annotations_order
    self.assertEqual(len(meta["annotations"]), 2)
AssertionError: 4 != 2

======================================================================
FAIL: test_4_2_java_call_extraction (test_round4.TestRound4)
----------------------------------------------------------------------
Traceback (most recent call last):
  File "/Users/baecheolhan/Documents/repositories/horadric-deckard/tests/test_round4.py", line 41, in test_4_2_java_call_extraction
    self.assertIn("validate", targets)
AssertionError: 'validate' not found in []

======================================================================
FAIL: test_01_multiline_annotations (test_round_10_multiline_logic.TestRound10MultilineLogic)
----------------------------------------------------------------------
Traceback (most recent call last):
  File "/Users/baecheolhan/Documents/repositories/horadric-deckard/tests/test_round_10_multiline_logic.py", line 20, in test_01_multiline_annotations
    self.assertEqual(len(meta["annotations"]), 2)
AssertionError: 4 != 2

======================================================================
FAIL: test_05_implements_with_newlines (test_round_10_multiline_logic.TestRound10MultilineLogic)
----------------------------------------------------------------------
Traceback (most recent call last):
  File "/Users/baecheolhan/Documents/repositories/horadric-deckard/tests/test_round_10_multiline_logic.py", line 63, in test_05_implements_with_newlines
    self.assertIn("Leader", targets)
AssertionError: 'Leader' not found in {'Manager'}

======================================================================
FAIL: test_08_kotlin_multiline_inheritance (test_round_10_multiline_logic.TestRound10MultilineLogic)
----------------------------------------------------------------------
Traceback (most recent call last):
  File "/Users/baecheolhan/Documents/repositories/horadric-deckard/tests/test_round_10_multiline_logic.py", line 98, in test_08_kotlin_multiline_inheritance
    self.assertIn("BaseView()", targets)
AssertionError: 'BaseView()' not found in set()

======================================================================
FAIL: test_07_javadoc_cleaning (test_round_12_refactored.TestRound12Refactored)
----------------------------------------------------------------------
Traceback (most recent call last):
  File "/Users/baecheolhan/Documents/repositories/horadric-deckard/tests/test_round_12_refactored.py", line 75, in test_07_javadoc_cleaning
    self.assertEqual(symbols[0][8], "Hello\nWorld")
AssertionError: 'Hello\n* World' != 'Hello\nWorld'
  Hello
- * World? --
+ World

======================================================================
FAIL: test_03_wildcard_generics (test_round_6_advanced_java.TestRound6AdvancedJava)
----------------------------------------------------------------------
Traceback (most recent call last):
  File "/Users/baecheolhan/Documents/repositories/horadric-deckard/tests/test_round_6_advanced_java.py", line 33, in test_03_wildcard_generics
    self.assertTrue(rel[3].startswith("ArrayList"))
AssertionError: False is not true

======================================================================
FAIL: test_07_kotlin_inheritance (test_round_6_advanced_java.TestRound6AdvancedJava)
----------------------------------------------------------------------
Traceback (most recent call last):
  File "/Users/baecheolhan/Documents/repositories/horadric-deckard/tests/test_round_6_advanced_java.py", line 74, in test_07_kotlin_inheritance
    self.assertIsNotNone(rel, "Kotlin inheritance ':' should be detected")
AssertionError: unexpectedly None : Kotlin inheritance ':' should be detected

======================================================================
FAIL: test_01_unicode_fire_emoji (test_search_edge_cases_60.TestSearchEdgeCases60)
----------------------------------------------------------------------
Traceback (most recent call last):
  File "/Users/baecheolhan/Documents/repositories/horadric-deckard/tests/test_search_edge_cases_60.py", line 67, in test_01_unicode_fire_emoji
    self.assertGreater(len(hits), 0)
AssertionError: 0 not greater than 0

----------------------------------------------------------------------
Ran 219 tests in 0.986s

FAILED (failures=14, errors=31)
[deckard] Config not found in workspace (/Users/baecheolhan/Documents/repositories/horadric-deckard/config/config.json), using defaults.
[deckard] DB path: /var/folders/53/1642qrvs7rdg6qlcn2v_50sh0000gn/T/tmp1piq2gsr/ws/.codex/tools/deckard/data/index.db
[deckard] DB path: /var/folders/53/1642qrvs7rdg6qlcn2v_50sh0000gn/T/tmpt9f_mbez/ws/test.db
[deckard] server.json updated with fallback port 48888
