....[deckard] INFO: test message
.[deckard] INFO: DB path: /var/folders/53/1642qrvs7rdg6qlcn2v_50sh0000gn/T/tmpk9qee15p/ws6/.codex/tools/deckard/data/index.db
Executing <Task pending name='Task-1' coro=<IsolatedAsyncioTestCase._asyncioLoopRunner() running at /Library/Developer/CommandLineTools/Library/Frameworks/Python3.framework/Versions/3.9/lib/python3.9/unittest/async_case.py:96> wait_for=<Future pending cb=[<TaskWakeupMethWrapper object at 0x10676f7f0>()] created at /Library/Developer/CommandLineTools/Library/Frameworks/Python3.framework/Versions/3.9/lib/python3.9/asyncio/base_events.py:424> created at /Library/Developer/CommandLineTools/Library/Frameworks/Python3.framework/Versions/3.9/lib/python3.9/unittest/async_case.py:118> took 0.109 seconds
.[deckard] INFO: DB path: /var/folders/53/1642qrvs7rdg6qlcn2v_50sh0000gn/T/tmpan4z_fll/ws3/.codex/tools/deckard/data/index.db
.[deckard] INFO: DB path: /private/var/folders/53/1642qrvs7rdg6qlcn2v_50sh0000gn/T/tmph4kh04h4/ws4/.codex/tools/deckard/data/index.db
[deckard] Started on port 47778 (requested: 47777)
[deckard] INFO: DB path: /private/var/folders/53/1642qrvs7rdg6qlcn2v_50sh0000gn/T/tmph4kh04h4/ws5/.codex/tools/deckard/data/index.db
[deckard] Started on port 47780 (requested: 47777)
[deckard] INFO: Shutting down server for workspace: /private/var/folders/53/1642qrvs7rdg6qlcn2v_50sh0000gn/T/tmph4kh04h4/ws4
[deckard] INFO: Shutting down server for workspace: /private/var/folders/53/1642qrvs7rdg6qlcn2v_50sh0000gn/T/tmph4kh04h4/ws5
.[deckard] INFO: DB path: /private/var/folders/53/1642qrvs7rdg6qlcn2v_50sh0000gn/T/tmp83f9t2h6/ws1/.codex/tools/deckard/data/index.db
[deckard] Started on port 47778 (requested: 47777)
[deckard] INFO: Shutting down server for workspace: /private/var/folders/53/1642qrvs7rdg6qlcn2v_50sh0000gn/T/tmp83f9t2h6/ws1
.[deckard] INFO: DB path: /var/folders/53/1642qrvs7rdg6qlcn2v_50sh0000gn/T/tmptos1saqw/ws2/.codex/tools/deckard/data/index.db
Executing <Task pending name='Task-9' coro=<IsolatedAsyncioTestCase._asyncioLoopRunner() running at /Library/Developer/CommandLineTools/Library/Frameworks/Python3.framework/Versions/3.9/lib/python3.9/unittest/async_case.py:96> wait_for=<Future pending cb=[<TaskWakeupMethWrapper object at 0x1068587f0>()] created at /Library/Developer/CommandLineTools/Library/Frameworks/Python3.framework/Versions/3.9/lib/python3.9/asyncio/base_events.py:424> created at /Library/Developer/CommandLineTools/Library/Frameworks/Python3.framework/Versions/3.9/lib/python3.9/unittest/async_case.py:118> took 0.114 seconds
..............F.........[deckard] ERROR: Failed to log to file: [Errno 13] Permission denied: '/var/folders/53/1642qrvs7rdg6qlcn2v_50sh0000gn/T/tmp6i1sof5x/readonly/deckard.log'
.........................EEFF..FE.FEF.FE....F..F..............F...F...........................................EEE[deckard] ERROR: Failed to log to file: 'str' object has no attribute 'mkdir'
.[deckard] ERROR: Failed to log to file: 'str' object has no attribute 'mkdir'
..EEEF..F...F.............................................................
======================================================================
ERROR: test_1_10_parent_name (test_round1.TestRound1)
----------------------------------------------------------------------
Traceback (most recent call last):
  File "/Users/baecheolhan/Documents/repositories/horadric-deckard/tests/test_round1.py", line 66, in test_1_10_parent_name
    method = next(s for s in symbols if s[1] == "my_method")
  File "/Users/baecheolhan/Documents/repositories/horadric-deckard/tests/test_round1.py", line 66, in <genexpr>
    method = next(s for s in symbols if s[1] == "my_method")
IndexError: list index out of range

======================================================================
ERROR: test_1_1_python_decorators (test_round1.TestRound1)
----------------------------------------------------------------------
Traceback (most recent call last):
  File "/Users/baecheolhan/Documents/repositories/horadric-deckard/tests/test_round1.py", line 23, in test_1_1_python_decorators
    self.assertIn("@decorator1", meta["decorators"])
KeyError: 'decorators'

======================================================================
ERROR: test_2_2_python_static_method (test_round2.TestRound2)
----------------------------------------------------------------------
Traceback (most recent call last):
  File "/Users/baecheolhan/Documents/repositories/horadric-deckard/tests/test_round2.py", line 24, in test_2_2_python_static_method
    self.assertIn("@staticmethod", meta["decorators"])
KeyError: 'decorators'

======================================================================
ERROR: test_3_1_api_search_integration (test_round3.TestRound3)
----------------------------------------------------------------------
Traceback (most recent call last):
  File "/Users/baecheolhan/Documents/repositories/horadric-deckard/tests/test_round3.py", line 42, in test_3_1_api_search_integration
    content = Path(path).read_text()
  File "/Library/Developer/CommandLineTools/Library/Frameworks/Python3.framework/Versions/3.9/lib/python3.9/pathlib.py", line 1256, in read_text
    with self.open(mode='r', encoding=encoding, errors=errors) as f:
  File "/Library/Developer/CommandLineTools/Library/Frameworks/Python3.framework/Versions/3.9/lib/python3.9/pathlib.py", line 1242, in open
    return io.open(self, mode, buffering, encoding, errors, newline,
  File "/Library/Developer/CommandLineTools/Library/Frameworks/Python3.framework/Versions/3.9/lib/python3.9/pathlib.py", line 1110, in _opener
    return self._accessor.open(self, flags, mode)
FileNotFoundError: [Errno 2] No such file or directory: 'horadric-deckard/tests/SampleController.java'

======================================================================
ERROR: test_4_3_docstring_cleanup (test_round4.TestRound4)
----------------------------------------------------------------------
Traceback (most recent call last):
  File "/Users/baecheolhan/Documents/repositories/horadric-deckard/tests/test_round4.py", line 53, in test_4_3_docstring_cleanup
    self.assertEqual(symbols[0][8], "Hello\nWorld")
IndexError: list index out of range

======================================================================
ERROR: test_01_get_implementations_basic (test_round_5_integration.TestRound5Integration)
----------------------------------------------------------------------
Traceback (most recent call last):
  File "/Users/baecheolhan/Documents/repositories/horadric-deckard/tests/test_round_5_integration.py", line 58, in test_01_get_implementations_basic
    self.assertEqual(res["count"], 1)
KeyError: 'count'

======================================================================
ERROR: test_02_get_implementations_multiple (test_round_5_integration.TestRound5Integration)
----------------------------------------------------------------------
Traceback (most recent call last):
  File "/Users/baecheolhan/Documents/repositories/horadric-deckard/tests/test_round_5_integration.py", line 67, in test_02_get_implementations_multiple
    self.assertEqual(res["count"], 2)
KeyError: 'count'

======================================================================
ERROR: test_03_search_api_endpoints (test_round_5_integration.TestRound5Integration)
----------------------------------------------------------------------
Traceback (most recent call last):
  File "/Users/baecheolhan/Documents/repositories/horadric-deckard/tests/test_round_5_integration.py", line 76, in test_03_search_api_endpoints
    self.assertEqual(res["count"], 1)
KeyError: 'count'

======================================================================
ERROR: test_07_inner_class_relations (test_round_5_integration.TestRound5Integration)
----------------------------------------------------------------------
Traceback (most recent call last):
  File "/Users/baecheolhan/Documents/repositories/horadric-deckard/tests/test_round_5_integration.py", line 127, in test_07_inner_class_relations
    self.assertEqual(res["count"], 1)
KeyError: 'count'

======================================================================
ERROR: test_08_duplicate_class_names (test_round_5_integration.TestRound5Integration)
----------------------------------------------------------------------
Traceback (most recent call last):
  File "/Users/baecheolhan/Documents/repositories/horadric-deckard/tests/test_round_5_integration.py", line 137, in test_08_duplicate_class_names
    self.assertEqual(res["count"], 1)
KeyError: 'count'

======================================================================
ERROR: test_09_api_search_partial_match (test_round_5_integration.TestRound5Integration)
----------------------------------------------------------------------
Traceback (most recent call last):
  File "/Users/baecheolhan/Documents/repositories/horadric-deckard/tests/test_round_5_integration.py", line 146, in test_09_api_search_partial_match
    self.assertEqual(res["count"], 1)
KeyError: 'count'

======================================================================
FAIL: test_search_ranking_priority (test_final_polish.TestFinalPolish)
Filename match should have higher score than content match.
----------------------------------------------------------------------
Traceback (most recent call last):
  File "/Users/baecheolhan/Documents/repositories/horadric-deckard/tests/test_final_polish.py", line 58, in test_search_ranking_priority
    self.assertIn("Filename match", hits[0].hit_reason)
AssertionError: 'Filename match' not found in 'Exact filename match'

======================================================================
FAIL: test_1_2_java_implements (test_round1.TestRound1)
----------------------------------------------------------------------
Traceback (most recent call last):
  File "/Users/baecheolhan/Documents/repositories/horadric-deckard/tests/test_round1.py", line 36, in test_1_2_java_implements
    self.assertIn("@Service", meta["annotations"])
AssertionError: '@Service' not found in []

======================================================================
FAIL: test_1_3_java_multi_mapping (test_round1.TestRound1)
----------------------------------------------------------------------
Traceback (most recent call last):
  File "/Users/baecheolhan/Documents/repositories/horadric-deckard/tests/test_round1.py", line 47, in test_1_3_java_multi_mapping
    self.assertTrue("http_path" in meta)
AssertionError: False is not true

======================================================================
FAIL: test_2_1_multi_path_annotation (test_round2.TestRound2)
----------------------------------------------------------------------
Traceback (most recent call last):
  File "/Users/baecheolhan/Documents/repositories/horadric-deckard/tests/test_round2.py", line 18, in test_2_1_multi_path_annotation
    self.assertIn("http_path", meta)
AssertionError: 'http_path' not found in {'annotations': ['REQUESTMAPPING']}

======================================================================
FAIL: test_2_8_multi_annotations_order (test_round2.TestRound2)
----------------------------------------------------------------------
Traceback (most recent call last):
  File "/Users/baecheolhan/Documents/repositories/horadric-deckard/tests/test_round2.py", line 37, in test_2_8_multi_annotations_order
    self.assertIn("@Annotation1", meta["annotations"])
AssertionError: '@Annotation1' not found in ['ANNOTATION1', 'ANNOTATION2']

======================================================================
FAIL: test_3_2_index_file_integration (test_round3.TestRound3)
----------------------------------------------------------------------
Traceback (most recent call last):
  File "/Users/baecheolhan/Documents/repositories/horadric-deckard/tests/test_round3.py", line 59, in test_3_2_index_file_integration
    self.assertTrue(res["success"])
AssertionError: False is not true

======================================================================
FAIL: test_4_2_java_call_extraction (test_round4.TestRound4)
----------------------------------------------------------------------
Traceback (most recent call last):
  File "/Users/baecheolhan/Documents/repositories/horadric-deckard/tests/test_round4.py", line 41, in test_4_2_java_call_extraction
    self.assertIn("validate", targets)
AssertionError: 'validate' not found in []

======================================================================
FAIL: test_05_implements_with_newlines (test_round_10_multiline_logic.TestRound10MultilineLogic)
----------------------------------------------------------------------
Traceback (most recent call last):
  File "/Users/baecheolhan/Documents/repositories/horadric-deckard/tests/test_round_10_multiline_logic.py", line 63, in test_05_implements_with_newlines
    self.assertIn("Leader", targets)
AssertionError: 'Leader' not found in {'Manager'}

======================================================================
FAIL: test_08_kotlin_multiline_inheritance (test_round_10_multiline_logic.TestRound10MultilineLogic)
----------------------------------------------------------------------
Traceback (most recent call last):
  File "/Users/baecheolhan/Documents/repositories/horadric-deckard/tests/test_round_10_multiline_logic.py", line 98, in test_08_kotlin_multiline_inheritance
    self.assertIn("BaseView()", targets)
AssertionError: 'BaseView()' not found in set()

======================================================================
FAIL: test_03_go_receiver (test_round_12_refactored.TestRound12Refactored)
----------------------------------------------------------------------
Traceback (most recent call last):
  File "/Users/baecheolhan/Documents/repositories/horadric-deckard/tests/test_round_12_refactored.py", line 46, in test_03_go_receiver
    self.assertEqual(target[2], "function")
AssertionError: 'method' != 'function'
- method
+ function


======================================================================
FAIL: test_07_javadoc_cleaning (test_round_12_refactored.TestRound12Refactored)
----------------------------------------------------------------------
Traceback (most recent call last):
  File "/Users/baecheolhan/Documents/repositories/horadric-deckard/tests/test_round_12_refactored.py", line 75, in test_07_javadoc_cleaning
    self.assertEqual(symbols[0][8], "Hello\nWorld")
AssertionError: 'Hello\n* World' != 'Hello\nWorld'
  Hello
- * World? --
+ World

======================================================================
FAIL: test_10_invalid_symbol_name (test_round_5_integration.TestRound5Integration)
----------------------------------------------------------------------
Traceback (most recent call last):
  File "/Users/baecheolhan/Documents/repositories/horadric-deckard/tests/test_round_5_integration.py", line 150, in test_10_invalid_symbol_name
    self.assertIn("error", res)
AssertionError: 'error' not found in {'content': [{'type': 'text', 'text': '{\n  "results": [],\n  "error": "Symbol name is required"\n}'}]}

======================================================================
FAIL: test_03_wildcard_generics (test_round_6_advanced_java.TestRound6AdvancedJava)
----------------------------------------------------------------------
Traceback (most recent call last):
  File "/Users/baecheolhan/Documents/repositories/horadric-deckard/tests/test_round_6_advanced_java.py", line 33, in test_03_wildcard_generics
    self.assertTrue(rel[3].startswith("ArrayList"))
AssertionError: False is not true

======================================================================
FAIL: test_07_kotlin_inheritance (test_round_6_advanced_java.TestRound6AdvancedJava)
----------------------------------------------------------------------
Traceback (most recent call last):
  File "/Users/baecheolhan/Documents/repositories/horadric-deckard/tests/test_round_6_advanced_java.py", line 74, in test_07_kotlin_inheritance
    self.assertIsNotNone(rel, "Kotlin inheritance ':' should be detected")
AssertionError: unexpectedly None : Kotlin inheritance ':' should be detected

----------------------------------------------------------------------
Ran 221 tests in 20.639s

FAILED (failures=14, errors=11)
[deckard] Config not found in workspace (/Users/baecheolhan/Documents/repositories/horadric-deckard/config/config.json), using defaults.
[deckard] DB path: /var/folders/53/1642qrvs7rdg6qlcn2v_50sh0000gn/T/tmplfbht3v2/ws/.codex/tools/deckard/data/index.db
[deckard] DB path: /var/folders/53/1642qrvs7rdg6qlcn2v_50sh0000gn/T/tmp7yitsz6z/ws/test.db
[deckard] server.json updated with fallback port 48888
