....[deckard] INFO: test message
.[deckard] INFO: DB path: /var/folders/53/1642qrvs7rdg6qlcn2v_50sh0000gn/T/tmp5egkqd__/ws6/.codex/tools/deckard/data/index.db
Executing <Task pending name='Task-1' coro=<IsolatedAsyncioTestCase._asyncioLoopRunner() running at /Library/Developer/CommandLineTools/Library/Frameworks/Python3.framework/Versions/3.9/lib/python3.9/unittest/async_case.py:96> wait_for=<Future pending cb=[<TaskWakeupMethWrapper object at 0x10a323760>()] created at /Library/Developer/CommandLineTools/Library/Frameworks/Python3.framework/Versions/3.9/lib/python3.9/asyncio/base_events.py:424> created at /Library/Developer/CommandLineTools/Library/Frameworks/Python3.framework/Versions/3.9/lib/python3.9/unittest/async_case.py:118> took 0.106 seconds
F[deckard] INFO: DB path: /var/folders/53/1642qrvs7rdg6qlcn2v_50sh0000gn/T/tmpwjcms2u1/ws3/.codex/tools/deckard/data/index.db
.[deckard] INFO: DB path: /private/var/folders/53/1642qrvs7rdg6qlcn2v_50sh0000gn/T/tmph_odf3xt/ws4/.codex/tools/deckard/data/index.db
[deckard] Started on port 47778 (requested: 47777)
[deckard] INFO: DB path: /private/var/folders/53/1642qrvs7rdg6qlcn2v_50sh0000gn/T/tmph_odf3xt/ws5/.codex/tools/deckard/data/index.db
[deckard] Started on port 47780 (requested: 47777)
[deckard] INFO: Shutting down server for workspace: /private/var/folders/53/1642qrvs7rdg6qlcn2v_50sh0000gn/T/tmph_odf3xt/ws4
[deckard] INFO: Shutting down server for workspace: /private/var/folders/53/1642qrvs7rdg6qlcn2v_50sh0000gn/T/tmph_odf3xt/ws5
.[deckard] INFO: DB path: /private/var/folders/53/1642qrvs7rdg6qlcn2v_50sh0000gn/T/tmp3vmipo00/ws1/.codex/tools/deckard/data/index.db
[deckard] Started on port 47778 (requested: 47777)
[deckard] INFO: Shutting down server for workspace: /private/var/folders/53/1642qrvs7rdg6qlcn2v_50sh0000gn/T/tmp3vmipo00/ws1
.[deckard] INFO: DB path: /var/folders/53/1642qrvs7rdg6qlcn2v_50sh0000gn/T/tmp_j2ci76e/ws2/.codex/tools/deckard/data/index.db
Executing <Task pending name='Task-9' coro=<IsolatedAsyncioTestCase._asyncioLoopRunner() running at /Library/Developer/CommandLineTools/Library/Frameworks/Python3.framework/Versions/3.9/lib/python3.9/unittest/async_case.py:96> wait_for=<Future pending cb=[<TaskWakeupMethWrapper object at 0x10a526400>()] created at /Library/Developer/CommandLineTools/Library/Frameworks/Python3.framework/Versions/3.9/lib/python3.9/asyncio/base_events.py:424> created at /Library/Developer/CommandLineTools/Library/Frameworks/Python3.framework/Versions/3.9/lib/python3.9/unittest/async_case.py:118> took 0.113 seconds
.F..F.F....F..E.F.......[deckard] ERROR: Failed to log to file: [Errno 13] Permission denied: '/var/folders/53/1642qrvs7rdg6qlcn2v_50sh0000gn/T/tmpwm5j5lyl/readonly/deckard.log'
..F.F......E........F.E.EEFFF..F..FEF.FEF...F..F..................F..............................................[deckard] ERROR: Failed to log to file: 'str' object has no attribute 'mkdir'
.[deckard] ERROR: Failed to log to file: 'str' object has no attribute 'mkdir'
........F...F..................................F..FFF.FFF...FF.F.........
======================================================================
ERROR: test_search_ranking_priority (test_final_polish.TestFinalPolish)
Filename match should have higher score than content match.
----------------------------------------------------------------------
Traceback (most recent call last):
  File "/Users/baecheolhan/Documents/repositories/horadric-deckard/tests/test_final_polish.py", line 57, in test_search_ranking_priority
    self.assertEqual(hits[0].path, "target.txt")
IndexError: list index out of range

======================================================================
ERROR: test_repo_candidates_scoring (test_integration_portability.TestIntegrationPortability)
Case 4: repo_candidates scoring logic
----------------------------------------------------------------------
Traceback (most recent call last):
  File "/Users/baecheolhan/Documents/repositories/horadric-deckard/tests/test_integration_portability.py", line 61, in test_repo_candidates_scoring
    self.assertEqual(candidates[0]["repo"], "repo_high")
IndexError: list index out of range

======================================================================
ERROR: test_definition_boost (test_ranking_policy_suite.TestRankingHybrid)
----------------------------------------------------------------------
Traceback (most recent call last):
  File "/Users/baecheolhan/Documents/repositories/horadric-deckard/tests/test_ranking_policy_suite.py", line 123, in test_definition_boost
    self.assertEqual(hits[0].path, "src/service.py")
IndexError: list index out of range

======================================================================
ERROR: test_snippet_case_preservation (test_ranking_policy_suite.TestRankingSnippet)
----------------------------------------------------------------------
Traceback (most recent call last):
  File "/Users/baecheolhan/Documents/repositories/horadric-deckard/tests/test_ranking_policy_suite.py", line 140, in test_snippet_case_preservation
    self.assertIn(">>>User<<<", hits[0].snippet)
IndexError: list index out of range

======================================================================
ERROR: test_1_10_parent_name (test_round1.TestRound1)
----------------------------------------------------------------------
Traceback (most recent call last):
  File "/Users/baecheolhan/Documents/repositories/horadric-deckard/tests/test_round1.py", line 66, in test_1_10_parent_name
    method = next(s for s in symbols if s[1] == "my_method")
  File "/Users/baecheolhan/Documents/repositories/horadric-deckard/tests/test_round1.py", line 66, in <genexpr>
    method = next(s for s in symbols if s[1] == "my_method")
IndexError: list index out of range

======================================================================
ERROR: test_3_1_api_search_integration (test_round3.TestRound3)
----------------------------------------------------------------------
Traceback (most recent call last):
  File "/Users/baecheolhan/Documents/repositories/horadric-deckard/tests/test_round3.py", line 45, in test_3_1_api_search_integration
    self.db.upsert_symbols(symbols)
  File "/Users/baecheolhan/Documents/repositories/horadric-deckard/app/db.py", line 260, in upsert_symbols
    with self._lock:
sqlite3.IntegrityError: FOREIGN KEY constraint failed

======================================================================
ERROR: test_4_3_docstring_cleanup (test_round4.TestRound4)
----------------------------------------------------------------------
Traceback (most recent call last):
  File "/Users/baecheolhan/Documents/repositories/horadric-deckard/tests/test_round4.py", line 53, in test_4_3_docstring_cleanup
    self.assertEqual(symbols[0][8], "Hello\nWorld")
IndexError: list index out of range

======================================================================
FAIL: test_concurrent_read_write_wal (test_concurrency_stress.TestConcurrencyStress)
Case 4: Concurrent read/write (WAL check)
----------------------------------------------------------------------
Traceback (most recent call last):
  File "/Library/Developer/CommandLineTools/Library/Frameworks/Python3.framework/Versions/3.9/lib/python3.9/unittest/async_case.py", line 65, in _callTestMethod
    self._callMaybeAsync(method)
  File "/Library/Developer/CommandLineTools/Library/Frameworks/Python3.framework/Versions/3.9/lib/python3.9/unittest/async_case.py", line 88, in _callMaybeAsync
    return self._asyncioTestLoop.run_until_complete(fut)
  File "/Library/Developer/CommandLineTools/Library/Frameworks/Python3.framework/Versions/3.9/lib/python3.9/asyncio/base_events.py", line 642, in run_until_complete
    return future.result()
  File "/Library/Developer/CommandLineTools/Library/Frameworks/Python3.framework/Versions/3.9/lib/python3.9/unittest/async_case.py", line 102, in _asyncioLoopRunner
    ret = await awaitable
  File "/Users/baecheolhan/Documents/repositories/horadric-deckard/tests/test_concurrency_stress.py", line 93, in test_concurrent_read_write_wal
    self.assertEqual(len(hits), 1)
AssertionError: 0 != 1

======================================================================
FAIL: test_case_sensitivity (test_cycle_1.TestCycle1)
Test 1: Case Sensitive Toggle.
----------------------------------------------------------------------
Traceback (most recent call last):
  File "/Users/baecheolhan/Documents/repositories/horadric-deckard/tests/test_cycle_1.py", line 44, in test_case_sensitivity
    self.assertTrue(any(h.path == "src/User.java" for h in hits), "Should find 'User' with query 'user'")
AssertionError: False is not true : Should find 'User' with query 'user'

======================================================================
FAIL: test_file_type_filter (test_cycle_1.TestCycle1)
Test 3: File Type Filter.
----------------------------------------------------------------------
Traceback (most recent call last):
  File "/Users/baecheolhan/Documents/repositories/horadric-deckard/tests/test_cycle_1.py", line 65, in test_file_type_filter
    self.assertTrue(len(hits) > 0)
AssertionError: False is not true

======================================================================
FAIL: test_config_fallback_logic (test_daemon_advanced.TestDaemonAdvanced)
Verify defaults are used when config.json is missing.
----------------------------------------------------------------------
Traceback (most recent call last):
  File "/Users/baecheolhan/Documents/repositories/horadric-deckard/tests/test_daemon_advanced.py", line 69, in test_config_fallback_logic
    self.assertTrue(mock_config_class.called)
AssertionError: False is not true

======================================================================
FAIL: test_exact_search_mode (test_db_optimizations.TestDBOptimizations)
Case 5: exact mode includes COUNT
----------------------------------------------------------------------
Traceback (most recent call last):
  File "/Users/baecheolhan/Documents/repositories/horadric-deckard/tests/test_db_optimizations.py", line 73, in test_exact_search_mode
    self.assertEqual(meta["total"], 1)
AssertionError: 0 != 1

======================================================================
FAIL: test_workspace_isolation (test_final_polish.TestFinalPolish)
Verify two different DBs don't leak data.
----------------------------------------------------------------------
Traceback (most recent call last):
  File "/Users/baecheolhan/Documents/repositories/horadric-deckard/tests/test_final_polish.py", line 29, in test_workspace_isolation
    self.assertEqual(len(hits1), 1)
AssertionError: 0 != 1

======================================================================
FAIL: test_massive_matrix_processing (test_indexer_deep_dive.TestIndexerDeepDive)
Matrix Testing Category: File Integrity & Redaction (Approx 200 variations)
----------------------------------------------------------------------
Traceback (most recent call last):
  File "/Users/baecheolhan/Documents/repositories/horadric-deckard/tests/test_indexer_deep_dive.py", line 93, in test_massive_matrix_processing
    self.assertTrue(len(hits) > 0, "Unicode content missing from index!")
AssertionError: False is not true : Unicode content missing from index!

======================================================================
FAIL: test_rapid_churn_stress (test_indexer_deep_dive.TestIndexerDeepDive)
Stress Category: Rapid Churn (High frequency updates to same set of files)
----------------------------------------------------------------------
Traceback (most recent call last):
  File "/Users/baecheolhan/Documents/repositories/horadric-deckard/tests/test_indexer_deep_dive.py", line 134, in test_rapid_churn_stress
    self.assertTrue(len(hits) >= 10, f"Expected at least many files to reach version 10, got {len(hits)}")
AssertionError: False is not true : Expected at least many files to reach version 10, got 0

======================================================================
FAIL: test_case_sensitivity (test_ranking_policy_suite.TestRankingEdges)
----------------------------------------------------------------------
Traceback (most recent call last):
  File "/Users/baecheolhan/Documents/repositories/horadric-deckard/tests/test_ranking_policy_suite.py", line 73, in test_case_sensitivity
    self.assertTrue(any(h.path == "src/User.java" for h in hits))
AssertionError: False is not true

======================================================================
FAIL: test_1_1_python_decorators (test_round1.TestRound1)
----------------------------------------------------------------------
Traceback (most recent call last):
  File "/Users/baecheolhan/Documents/repositories/horadric-deckard/tests/test_round1.py", line 24, in test_1_1_python_decorators
    self.assertIn("@decorator2(...)", meta["decorators"])
AssertionError: '@decorator2(...)' not found in ['@decorator1', '@decorator2']

======================================================================
FAIL: test_1_2_java_implements (test_round1.TestRound1)
----------------------------------------------------------------------
Traceback (most recent call last):
  File "/Users/baecheolhan/Documents/repositories/horadric-deckard/tests/test_round1.py", line 36, in test_1_2_java_implements
    self.assertIn("@Service", meta["annotations"])
AssertionError: '@Service' not found in []

======================================================================
FAIL: test_1_3_java_multi_mapping (test_round1.TestRound1)
----------------------------------------------------------------------
Traceback (most recent call last):
  File "/Users/baecheolhan/Documents/repositories/horadric-deckard/tests/test_round1.py", line 47, in test_1_3_java_multi_mapping
    self.assertTrue("http_path" in meta)
AssertionError: False is not true

======================================================================
FAIL: test_2_1_multi_path_annotation (test_round2.TestRound2)
----------------------------------------------------------------------
Traceback (most recent call last):
  File "/Users/baecheolhan/Documents/repositories/horadric-deckard/tests/test_round2.py", line 18, in test_2_1_multi_path_annotation
    self.assertIn("http_path", meta)
AssertionError: 'http_path' not found in {'annotations': ['@RequestMapping', 'REQUESTMAPPING']}

======================================================================
FAIL: test_2_8_multi_annotations_order (test_round2.TestRound2)
----------------------------------------------------------------------
Traceback (most recent call last):
  File "/Users/baecheolhan/Documents/repositories/horadric-deckard/tests/test_round2.py", line 35, in test_2_8_multi_annotations_order
    self.assertEqual(len(meta["annotations"]), 2)
AssertionError: 4 != 2

======================================================================
FAIL: test_3_2_index_file_integration (test_round3.TestRound3)
----------------------------------------------------------------------
Traceback (most recent call last):
  File "/Users/baecheolhan/Documents/repositories/horadric-deckard/tests/test_round3.py", line 59, in test_3_2_index_file_integration
    self.assertTrue(res["success"])
AssertionError: False is not true

======================================================================
FAIL: test_4_2_java_call_extraction (test_round4.TestRound4)
----------------------------------------------------------------------
Traceback (most recent call last):
  File "/Users/baecheolhan/Documents/repositories/horadric-deckard/tests/test_round4.py", line 41, in test_4_2_java_call_extraction
    self.assertIn("validate", targets)
AssertionError: 'validate' not found in []

======================================================================
FAIL: test_01_multiline_annotations (test_round_10_multiline_logic.TestRound10MultilineLogic)
----------------------------------------------------------------------
Traceback (most recent call last):
  File "/Users/baecheolhan/Documents/repositories/horadric-deckard/tests/test_round_10_multiline_logic.py", line 20, in test_01_multiline_annotations
    self.assertEqual(len(meta["annotations"]), 2)
AssertionError: 4 != 2

======================================================================
FAIL: test_05_implements_with_newlines (test_round_10_multiline_logic.TestRound10MultilineLogic)
----------------------------------------------------------------------
Traceback (most recent call last):
  File "/Users/baecheolhan/Documents/repositories/horadric-deckard/tests/test_round_10_multiline_logic.py", line 63, in test_05_implements_with_newlines
    self.assertIn("Leader", targets)
AssertionError: 'Leader' not found in {'Manager'}

======================================================================
FAIL: test_08_kotlin_multiline_inheritance (test_round_10_multiline_logic.TestRound10MultilineLogic)
----------------------------------------------------------------------
Traceback (most recent call last):
  File "/Users/baecheolhan/Documents/repositories/horadric-deckard/tests/test_round_10_multiline_logic.py", line 98, in test_08_kotlin_multiline_inheritance
    self.assertIn("BaseView()", targets)
AssertionError: 'BaseView()' not found in set()

======================================================================
FAIL: test_07_javadoc_cleaning (test_round_12_refactored.TestRound12Refactored)
----------------------------------------------------------------------
Traceback (most recent call last):
  File "/Users/baecheolhan/Documents/repositories/horadric-deckard/tests/test_round_12_refactored.py", line 75, in test_07_javadoc_cleaning
    self.assertEqual(symbols[0][8], "Hello\nWorld")
AssertionError: 'Hello\n* World' != 'Hello\nWorld'
  Hello
- * World? --
+ World

======================================================================
FAIL: test_03_wildcard_generics (test_round_6_advanced_java.TestRound6AdvancedJava)
----------------------------------------------------------------------
Traceback (most recent call last):
  File "/Users/baecheolhan/Documents/repositories/horadric-deckard/tests/test_round_6_advanced_java.py", line 33, in test_03_wildcard_generics
    self.assertTrue(rel[3].startswith("ArrayList"))
AssertionError: False is not true

======================================================================
FAIL: test_07_kotlin_inheritance (test_round_6_advanced_java.TestRound6AdvancedJava)
----------------------------------------------------------------------
Traceback (most recent call last):
  File "/Users/baecheolhan/Documents/repositories/horadric-deckard/tests/test_round_6_advanced_java.py", line 74, in test_07_kotlin_inheritance
    self.assertIsNotNone(rel, "Kotlin inheritance ':' should be detected")
AssertionError: unexpectedly None : Kotlin inheritance ':' should be detected

======================================================================
FAIL: test_hybrid_integration (test_search_100_cases.TestSearch100Scenarios)
Final scenarios: Hybrid logic checks.
----------------------------------------------------------------------
Traceback (most recent call last):
  File "/Users/baecheolhan/Documents/repositories/horadric-deckard/tests/test_search_100_cases.py", line 97, in test_hybrid_integration
    self.assertTrue(len(hits) > 0)
AssertionError: False is not true

======================================================================
FAIL: test_ranking_depth (test_search_100_cases.TestSearch100Scenarios) (scenario='ranking_1')
Scenario Block 1-30: Ranking specific queries.
----------------------------------------------------------------------
Traceback (most recent call last):
  File "/Users/baecheolhan/Documents/repositories/horadric-deckard/tests/test_search_100_cases.py", line 53, in test_ranking_depth
    self.assertTrue(len(hits) > 0)
AssertionError: False is not true

======================================================================
FAIL: test_ranking_depth (test_search_100_cases.TestSearch100Scenarios) (scenario='ranking_2')
Scenario Block 1-30: Ranking specific queries.
----------------------------------------------------------------------
Traceback (most recent call last):
  File "/Users/baecheolhan/Documents/repositories/horadric-deckard/tests/test_search_100_cases.py", line 53, in test_ranking_depth
    self.assertTrue(len(hits) > 0)
AssertionError: False is not true

======================================================================
FAIL: test_ranking_depth (test_search_100_cases.TestSearch100Scenarios) (scenario='ranking_3')
Scenario Block 1-30: Ranking specific queries.
----------------------------------------------------------------------
Traceback (most recent call last):
  File "/Users/baecheolhan/Documents/repositories/horadric-deckard/tests/test_search_100_cases.py", line 53, in test_ranking_depth
    self.assertTrue(len(hits) > 0)
AssertionError: False is not true

======================================================================
FAIL: test_ranking_depth (test_search_100_cases.TestSearch100Scenarios) (scenario='ranking_4')
Scenario Block 1-30: Ranking specific queries.
----------------------------------------------------------------------
Traceback (most recent call last):
  File "/Users/baecheolhan/Documents/repositories/horadric-deckard/tests/test_search_100_cases.py", line 53, in test_ranking_depth
    self.assertTrue(len(hits) > 0)
AssertionError: False is not true

======================================================================
FAIL: test_ranking_depth (test_search_100_cases.TestSearch100Scenarios) (scenario='ranking_5')
Scenario Block 1-30: Ranking specific queries.
----------------------------------------------------------------------
Traceback (most recent call last):
  File "/Users/baecheolhan/Documents/repositories/horadric-deckard/tests/test_search_100_cases.py", line 53, in test_ranking_depth
    self.assertTrue(len(hits) > 0)
AssertionError: False is not true

======================================================================
FAIL: test_ranking_depth (test_search_100_cases.TestSearch100Scenarios) (scenario='ranking_6')
Scenario Block 1-30: Ranking specific queries.
----------------------------------------------------------------------
Traceback (most recent call last):
  File "/Users/baecheolhan/Documents/repositories/horadric-deckard/tests/test_search_100_cases.py", line 53, in test_ranking_depth
    self.assertTrue(len(hits) > 0)
AssertionError: False is not true

======================================================================
FAIL: test_ranking_depth (test_search_100_cases.TestSearch100Scenarios) (scenario='ranking_7')
Scenario Block 1-30: Ranking specific queries.
----------------------------------------------------------------------
Traceback (most recent call last):
  File "/Users/baecheolhan/Documents/repositories/horadric-deckard/tests/test_search_100_cases.py", line 53, in test_ranking_depth
    self.assertTrue(len(hits) > 0)
AssertionError: False is not true

======================================================================
FAIL: test_ranking_depth (test_search_100_cases.TestSearch100Scenarios) (scenario='ranking_8')
Scenario Block 1-30: Ranking specific queries.
----------------------------------------------------------------------
Traceback (most recent call last):
  File "/Users/baecheolhan/Documents/repositories/horadric-deckard/tests/test_search_100_cases.py", line 53, in test_ranking_depth
    self.assertTrue(len(hits) > 0)
AssertionError: False is not true

======================================================================
FAIL: test_ranking_depth (test_search_100_cases.TestSearch100Scenarios) (scenario='ranking_9')
Scenario Block 1-30: Ranking specific queries.
----------------------------------------------------------------------
Traceback (most recent call last):
  File "/Users/baecheolhan/Documents/repositories/horadric-deckard/tests/test_search_100_cases.py", line 53, in test_ranking_depth
    self.assertTrue(len(hits) > 0)
AssertionError: False is not true

======================================================================
FAIL: test_ranking_depth (test_search_100_cases.TestSearch100Scenarios) (scenario='ranking_10')
Scenario Block 1-30: Ranking specific queries.
----------------------------------------------------------------------
Traceback (most recent call last):
  File "/Users/baecheolhan/Documents/repositories/horadric-deckard/tests/test_search_100_cases.py", line 53, in test_ranking_depth
    self.assertTrue(len(hits) > 0)
AssertionError: False is not true

======================================================================
FAIL: test_01_unicode_fire_emoji (test_search_edge_cases_60.TestSearchEdgeCases60)
----------------------------------------------------------------------
Traceback (most recent call last):
  File "/Users/baecheolhan/Documents/repositories/horadric-deckard/tests/test_search_edge_cases_60.py", line 67, in test_01_unicode_fire_emoji
    self.assertGreater(len(hits), 0)
AssertionError: 0 not greater than 0

======================================================================
FAIL: test_02_unicode_korean (test_search_edge_cases_60.TestSearchEdgeCases60)
----------------------------------------------------------------------
Traceback (most recent call last):
  File "/Users/baecheolhan/Documents/repositories/horadric-deckard/tests/test_search_edge_cases_60.py", line 75, in test_02_unicode_korean
    self.assertGreater(len(hits), 0)
AssertionError: 0 not greater than 0

======================================================================
FAIL: test_03_case_sensitive_strict (test_search_edge_cases_60.TestSearchEdgeCases60)
----------------------------------------------------------------------
Traceback (most recent call last):
  File "/Users/baecheolhan/Documents/repositories/horadric-deckard/tests/test_search_edge_cases_60.py", line 81, in test_03_case_sensitive_strict
    self.assertGreater(len(hits), 0)
AssertionError: 0 not greater than 0

======================================================================
FAIL: test_05_many_symbols_ranking (test_search_edge_cases_60.TestSearchEdgeCases60)
----------------------------------------------------------------------
Traceback (most recent call last):
  File "/Users/baecheolhan/Documents/repositories/horadric-deckard/tests/test_search_edge_cases_60.py", line 97, in test_05_many_symbols_ranking
    self.assertGreater(len(hits), 0)
AssertionError: 0 not greater than 0

======================================================================
FAIL: test_06_snippet_boundaries (test_search_edge_cases_60.TestSearchEdgeCases60)
----------------------------------------------------------------------
Traceback (most recent call last):
  File "/Users/baecheolhan/Documents/repositories/horadric-deckard/tests/test_search_edge_cases_60.py", line 103, in test_06_snippet_boundaries
    self.assertGreater(len(hits), 0)
AssertionError: 0 not greater than 0

======================================================================
FAIL: test_07_extension_multiselect (test_search_edge_cases_60.TestSearchEdgeCases60)
----------------------------------------------------------------------
Traceback (most recent call last):
  File "/Users/baecheolhan/Documents/repositories/horadric-deckard/tests/test_search_edge_cases_60.py", line 116, in test_07_extension_multiselect
    self.assertGreater(len(hits), 1)
AssertionError: 0 not greater than 1

======================================================================
FAIL: test_batch_variants (test_search_edge_cases_60.TestSearchEdgeCases60)
----------------------------------------------------------------------
Traceback (most recent call last):
  File "/Users/baecheolhan/Documents/repositories/horadric-deckard/tests/test_search_edge_cases_60.py", line 143, in test_batch_variants
    self.assertGreater(len(hits), 0, f"Failed on iteration {i} for query {q}")
AssertionError: 0 not greater than 0 : Failed on iteration 1 for query scenario 2

======================================================================
FAIL: test_complex_path_pattern (test_search_filters.TestSearchFilters)
Test glob-like path patterns.
----------------------------------------------------------------------
Traceback (most recent call last):
  File "/Users/baecheolhan/Documents/repositories/horadric-deckard/tests/test_search_filters.py", line 66, in test_complex_path_pattern
    self.assertEqual(len(hits), 5)
AssertionError: 0 != 5

======================================================================
FAIL: test_pagination_and_has_more (test_search_filters.TestSearchFilters)
Verify limit, offset and has_more logic.
----------------------------------------------------------------------
Traceback (most recent call last):
  File "/Users/baecheolhan/Documents/repositories/horadric-deckard/tests/test_search_filters.py", line 33, in test_pagination_and_has_more
    self.assertEqual(len(hits), 10)
AssertionError: 0 != 10

----------------------------------------------------------------------
Ran 221 tests in 20.243s

FAILED (failures=42, errors=7)
[deckard] Config not found in workspace (/Users/baecheolhan/Documents/repositories/horadric-deckard/config/config.json), using defaults.
[deckard] DB path: /var/folders/53/1642qrvs7rdg6qlcn2v_50sh0000gn/T/tmp9qr7lyn4/ws/.codex/tools/deckard/data/index.db
[deckard] DB path: /var/folders/53/1642qrvs7rdg6qlcn2v_50sh0000gn/T/tmpcbbthfht/ws/test.db
[deckard] server.json updated with fallback port 48888
